2022.01.29 16:05:29 INFO  tracing is disabled for protocol LSP, to enable tracing of incoming and outgoing JSON messages create an empty file at /home/suneel/Code/bf-interpreters/.metals/lsp.trace.json or /home/suneel/.cache/metals/lsp.trace.json[0m
2022.01.29 16:05:29 INFO  logging to file /home/suneel/Code/bf-interpreters/.metals/metals.log[0m
2022.01.29 16:05:29 INFO  Started: Metals version 0.11.1 in workspace '/home/suneel/Code/bf-interpreters' for client coc.nvim 0.0.80.[0m
2022.01.29 16:05:29 INFO  Parse release: 11.0.13[0m
2022.01.29 16:05:32 INFO  time: initialize in 2.26s[0m
2022.01.29 16:05:32 WARN  Build server is not auto-connectable.[0m
2022.01.29 16:05:32 WARN  no build tool detected in workspace '/home/suneel/Code/bf-interpreters'. The most common cause for this problem is that the editor was opened in the wrong working directory, for example if you use sbt then the workspace directory should contain build.sbt. [0m
Jan 29, 2022 4:05:32 PM org.eclipse.lsp4j.jsonrpc.RemoteEndpoint handleNotification
WARNING: Notification threw an exception: {
  "jsonrpc": "2.0",
  "method": "textDocument/didOpen",
  "params": {
    "textDocument": {
      "uri": "file:///home/suneel/Code/bf-interpreters/bf.scala",
      "languageId": "scala",
      "version": 45,
      "text": "package main\n\nobject Main {\n  def main(args: Array[String]\n"
    }
  }
}
java.lang.RuntimeException: java.lang.reflect.InvocationTargetException
	at org.eclipse.lsp4j.jsonrpc.services.GenericEndpoint.lambda$null$0(GenericEndpoint.java:67)
	at org.eclipse.lsp4j.jsonrpc.services.GenericEndpoint.notify(GenericEndpoint.java:152)
	at org.eclipse.lsp4j.jsonrpc.RemoteEndpoint.handleNotification(RemoteEndpoint.java:220)
	at org.eclipse.lsp4j.jsonrpc.RemoteEndpoint.consume(RemoteEndpoint.java:187)
	at org.eclipse.lsp4j.jsonrpc.json.StreamMessageProducer.handleMessage(StreamMessageProducer.java:194)
	at org.eclipse.lsp4j.jsonrpc.json.StreamMessageProducer.listen(StreamMessageProducer.java:94)
	at org.eclipse.lsp4j.jsonrpc.json.ConcurrentMessageProcessor.run(ConcurrentMessageProcessor.java:113)
	at java.base/java.util.concurrent.Executors$RunnableAdapter.call(Executors.java:515)
	at java.base/java.util.concurrent.FutureTask.run(FutureTask.java:264)
	at java.base/java.util.concurrent.ThreadPoolExecutor.runWorker(ThreadPoolExecutor.java:1128)
	at java.base/java.util.concurrent.ThreadPoolExecutor$Worker.run(ThreadPoolExecutor.java:628)
	at java.base/java.lang.Thread.run(Thread.java:829)
Caused by: java.lang.reflect.InvocationTargetException
	at java.base/jdk.internal.reflect.NativeMethodAccessorImpl.invoke0(Native Method)
	at java.base/jdk.internal.reflect.NativeMethodAccessorImpl.invoke(NativeMethodAccessorImpl.java:62)
	at java.base/jdk.internal.reflect.DelegatingMethodAccessorImpl.invoke(DelegatingMethodAccessorImpl.java:43)
	at java.base/java.lang.reflect.Method.invoke(Method.java:566)
	at org.eclipse.lsp4j.jsonrpc.services.GenericEndpoint.lambda$null$0(GenericEndpoint.java:65)
	... 11 more
Caused by: java.nio.file.NoSuchFileException: /home/suneel/Code/bf-interpreters/bf.scala
	at java.base/sun.nio.fs.UnixException.translateToIOException(UnixException.java:92)
	at java.base/sun.nio.fs.UnixException.rethrowAsIOException(UnixException.java:111)
	at java.base/sun.nio.fs.UnixException.rethrowAsIOException(UnixException.java:116)
	at java.base/sun.nio.fs.UnixFileSystemProvider.newByteChannel(UnixFileSystemProvider.java:219)
	at java.base/java.nio.file.Files.newByteChannel(Files.java:371)
	at java.base/java.nio.file.Files.newByteChannel(Files.java:422)
	at java.base/java.nio.file.Files.readAllBytes(Files.java:3206)
	at scala.meta.internal.io.PlatformFileIO$.slurp(PlatformFileIO.scala:45)
	at scala.meta.internal.io.FileIO$.slurp(FileIO.scala:24)
	at scala.meta.internal.metals.MetalsLanguageServer.didOpen(MetalsLanguageServer.scala:1026)
	... 16 more

2022.01.29 16:06:06 ERROR text document: file:///home/suneel/Code/bf-interpreters/bf.scala
java.nio.file.NoSuchFileException: /home/suneel/Code/bf-interpreters/bf.scala
	at sun.nio.fs.UnixException.translateToIOException(UnixException.java:92)
	at sun.nio.fs.UnixException.rethrowAsIOException(UnixException.java:111)
	at sun.nio.fs.UnixException.rethrowAsIOException(UnixException.java:116)
	at sun.nio.fs.UnixFileSystemProvider.newByteChannel(UnixFileSystemProvider.java:219)
	at java.nio.file.Files.newByteChannel(Files.java:371)
	at java.nio.file.Files.newByteChannel(Files.java:422)
	at java.nio.file.Files.readAllBytes(Files.java:3206)
	at scala.meta.internal.io.PlatformFileIO$.slurp(PlatformFileIO.scala:45)
	at scala.meta.internal.io.FileIO$.slurp(FileIO.scala:24)
	at scala.meta.internal.metals.InteractiveSemanticdbs.$anonfun$textDocument$2(InteractiveSemanticdbs.scala:90)
	at scala.Option.getOrElse(Option.scala:189)
	at scala.meta.internal.metals.InteractiveSemanticdbs.$anonfun$textDocument$1(InteractiveSemanticdbs.scala:90)
	at java.util.HashMap.compute(HashMap.java:1229)
	at java.util.Collections$SynchronizedMap.compute(Collections.java:2692)
	at scala.meta.internal.metals.InteractiveSemanticdbs.textDocument(InteractiveSemanticdbs.scala:89)
	at scala.meta.internal.metals.InteractiveSemanticdbs.textDocument(InteractiveSemanticdbs.scala:63)
	at scala.meta.internal.metals.AggregateSemanticdbs.loop$1(AggregateSemanticdbs.scala:30)
	at scala.meta.internal.metals.AggregateSemanticdbs.textDocument(AggregateSemanticdbs.scala:36)
	at scala.meta.internal.decorations.SyntheticsDecorationProvider.currentDocument(SyntheticsDecorationProvider.scala:251)
	at scala.meta.internal.decorations.SyntheticsDecorationProvider.publishSynthetics(SyntheticsDecorationProvider.scala:74)
	at scala.meta.internal.metals.MetalsLanguageServer.$anonfun$didChange$1(MetalsLanguageServer.scala:1175)
	at scala.concurrent.Future.$anonfun$flatMap$1(Future.scala:307)
	at scala.concurrent.impl.Promise.$anonfun$transformWith$1(Promise.scala:41)
	at scala.concurrent.impl.CallbackRunnable.run(Promise.scala:64)
	at java.util.concurrent.ThreadPoolExecutor.runWorker(ThreadPoolExecutor.java:1128)
	at java.util.concurrent.ThreadPoolExecutor$Worker.run(ThreadPoolExecutor.java:628)
	at java.lang.Thread.run(Thread.java:829)
[0m
2022.01.29 16:06:06 ERROR text document: file:///home/suneel/Code/bf-interpreters/bf.scala
java.nio.file.NoSuchFileException: /home/suneel/Code/bf-interpreters/bf.scala
	at sun.nio.fs.UnixException.translateToIOException(UnixException.java:92)
	at sun.nio.fs.UnixException.rethrowAsIOException(UnixException.java:111)
	at sun.nio.fs.UnixException.rethrowAsIOException(UnixException.java:116)
	at sun.nio.fs.UnixFileSystemProvider.newByteChannel(UnixFileSystemProvider.java:219)
	at java.nio.file.Files.newByteChannel(Files.java:371)
	at java.nio.file.Files.newByteChannel(Files.java:422)
	at java.nio.file.Files.readAllBytes(Files.java:3206)
	at scala.meta.internal.io.PlatformFileIO$.slurp(PlatformFileIO.scala:45)
	at scala.meta.internal.io.FileIO$.slurp(FileIO.scala:24)
	at scala.meta.internal.metals.InteractiveSemanticdbs.$anonfun$textDocument$2(InteractiveSemanticdbs.scala:90)
	at scala.Option.getOrElse(Option.scala:189)
	at scala.meta.internal.metals.InteractiveSemanticdbs.$anonfun$textDocument$1(InteractiveSemanticdbs.scala:90)
	at java.util.HashMap.compute(HashMap.java:1229)
	at java.util.Collections$SynchronizedMap.compute(Collections.java:2692)
	at scala.meta.internal.metals.InteractiveSemanticdbs.textDocument(InteractiveSemanticdbs.scala:89)
	at scala.meta.internal.metals.InteractiveSemanticdbs.textDocument(InteractiveSemanticdbs.scala:63)
	at scala.meta.internal.metals.AggregateSemanticdbs.loop$1(AggregateSemanticdbs.scala:30)
	at scala.meta.internal.metals.AggregateSemanticdbs.textDocument(AggregateSemanticdbs.scala:36)
	at scala.meta.internal.decorations.SyntheticsDecorationProvider.currentDocument(SyntheticsDecorationProvider.scala:251)
	at scala.meta.internal.decorations.SyntheticsDecorationProvider.publishSynthetics(SyntheticsDecorationProvider.scala:74)
	at scala.meta.internal.metals.MetalsLanguageServer.$anonfun$didChange$1(MetalsLanguageServer.scala:1175)
	at scala.concurrent.Future.$anonfun$flatMap$1(Future.scala:307)
	at scala.concurrent.impl.Promise.$anonfun$transformWith$1(Promise.scala:41)
	at scala.concurrent.impl.CallbackRunnable.run(Promise.scala:64)
	at java.util.concurrent.ThreadPoolExecutor.runWorker(ThreadPoolExecutor.java:1128)
	at java.util.concurrent.ThreadPoolExecutor$Worker.run(ThreadPoolExecutor.java:628)
	at java.lang.Thread.run(Thread.java:829)
[0m
2022.01.29 16:06:10 ERROR text document: file:///home/suneel/Code/bf-interpreters/bf.scala
java.nio.file.NoSuchFileException: /home/suneel/Code/bf-interpreters/bf.scala
	at sun.nio.fs.UnixException.translateToIOException(UnixException.java:92)
	at sun.nio.fs.UnixException.rethrowAsIOException(UnixException.java:111)
	at sun.nio.fs.UnixException.rethrowAsIOException(UnixException.java:116)
	at sun.nio.fs.UnixFileSystemProvider.newByteChannel(UnixFileSystemProvider.java:219)
	at java.nio.file.Files.newByteChannel(Files.java:371)
	at java.nio.file.Files.newByteChannel(Files.java:422)
	at java.nio.file.Files.readAllBytes(Files.java:3206)
	at scala.meta.internal.io.PlatformFileIO$.slurp(PlatformFileIO.scala:45)
	at scala.meta.internal.io.FileIO$.slurp(FileIO.scala:24)
	at scala.meta.internal.metals.InteractiveSemanticdbs.$anonfun$textDocument$2(InteractiveSemanticdbs.scala:90)
	at scala.Option.getOrElse(Option.scala:189)
	at scala.meta.internal.metals.InteractiveSemanticdbs.$anonfun$textDocument$1(InteractiveSemanticdbs.scala:90)
	at java.util.HashMap.compute(HashMap.java:1229)
	at java.util.Collections$SynchronizedMap.compute(Collections.java:2692)
	at scala.meta.internal.metals.InteractiveSemanticdbs.textDocument(InteractiveSemanticdbs.scala:89)
	at scala.meta.internal.metals.InteractiveSemanticdbs.textDocument(InteractiveSemanticdbs.scala:63)
	at scala.meta.internal.metals.AggregateSemanticdbs.loop$1(AggregateSemanticdbs.scala:30)
	at scala.meta.internal.metals.AggregateSemanticdbs.textDocument(AggregateSemanticdbs.scala:36)
	at scala.meta.internal.decorations.SyntheticsDecorationProvider.currentDocument(SyntheticsDecorationProvider.scala:251)
	at scala.meta.internal.decorations.SyntheticsDecorationProvider.publishSynthetics(SyntheticsDecorationProvider.scala:74)
	at scala.meta.internal.metals.MetalsLanguageServer.$anonfun$didChange$1(MetalsLanguageServer.scala:1175)
	at scala.concurrent.Future.$anonfun$flatMap$1(Future.scala:307)
	at scala.concurrent.impl.Promise.$anonfun$transformWith$1(Promise.scala:41)
	at scala.concurrent.impl.CallbackRunnable.run(Promise.scala:64)
	at java.util.concurrent.ThreadPoolExecutor.runWorker(ThreadPoolExecutor.java:1128)
	at java.util.concurrent.ThreadPoolExecutor$Worker.run(ThreadPoolExecutor.java:628)
	at java.lang.Thread.run(Thread.java:829)
[0m
2022.01.29 16:06:17 INFO  no build target found for /home/suneel/Code/bf-interpreters/bf.scala. Using presentation compiler with project's scala-library version: 3.1.0[0m
2022.01.29 16:06:18 ERROR text document: file:///home/suneel/Code/bf-interpreters/bf.scala
java.nio.file.NoSuchFileException: /home/suneel/Code/bf-interpreters/bf.scala
	at sun.nio.fs.UnixException.translateToIOException(UnixException.java:92)
	at sun.nio.fs.UnixException.rethrowAsIOException(UnixException.java:111)
	at sun.nio.fs.UnixException.rethrowAsIOException(UnixException.java:116)
	at sun.nio.fs.UnixFileSystemProvider.newByteChannel(UnixFileSystemProvider.java:219)
	at java.nio.file.Files.newByteChannel(Files.java:371)
	at java.nio.file.Files.newByteChannel(Files.java:422)
	at java.nio.file.Files.readAllBytes(Files.java:3206)
	at scala.meta.internal.io.PlatformFileIO$.slurp(PlatformFileIO.scala:45)
	at scala.meta.internal.io.FileIO$.slurp(FileIO.scala:24)
	at scala.meta.internal.metals.InteractiveSemanticdbs.$anonfun$textDocument$2(InteractiveSemanticdbs.scala:90)
	at scala.Option.getOrElse(Option.scala:189)
	at scala.meta.internal.metals.InteractiveSemanticdbs.$anonfun$textDocument$1(InteractiveSemanticdbs.scala:90)
	at java.util.HashMap.compute(HashMap.java:1229)
	at java.util.Collections$SynchronizedMap.compute(Collections.java:2692)
	at scala.meta.internal.metals.InteractiveSemanticdbs.textDocument(InteractiveSemanticdbs.scala:89)
	at scala.meta.internal.metals.InteractiveSemanticdbs.textDocument(InteractiveSemanticdbs.scala:63)
	at scala.meta.internal.metals.AggregateSemanticdbs.loop$1(AggregateSemanticdbs.scala:30)
	at scala.meta.internal.metals.AggregateSemanticdbs.textDocument(AggregateSemanticdbs.scala:36)
	at scala.meta.internal.decorations.SyntheticsDecorationProvider.currentDocument(SyntheticsDecorationProvider.scala:251)
	at scala.meta.internal.decorations.SyntheticsDecorationProvider.publishSynthetics(SyntheticsDecorationProvider.scala:74)
	at scala.meta.internal.metals.MetalsLanguageServer.$anonfun$didChange$1(MetalsLanguageServer.scala:1175)
	at scala.concurrent.Future.$anonfun$flatMap$1(Future.scala:307)
	at scala.concurrent.impl.Promise.$anonfun$transformWith$1(Promise.scala:41)
	at scala.concurrent.impl.CallbackRunnable.run(Promise.scala:64)
	at java.util.concurrent.ThreadPoolExecutor.runWorker(ThreadPoolExecutor.java:1128)
	at java.util.concurrent.ThreadPoolExecutor$Worker.run(ThreadPoolExecutor.java:628)
	at java.lang.Thread.run(Thread.java:829)
[0m
2022.01.29 16:06:18 ERROR text document: file:///home/suneel/Code/bf-interpreters/bf.scala
java.nio.file.NoSuchFileException: /home/suneel/Code/bf-interpreters/bf.scala
	at sun.nio.fs.UnixException.translateToIOException(UnixException.java:92)
	at sun.nio.fs.UnixException.rethrowAsIOException(UnixException.java:111)
	at sun.nio.fs.UnixException.rethrowAsIOException(UnixException.java:116)
	at sun.nio.fs.UnixFileSystemProvider.newByteChannel(UnixFileSystemProvider.java:219)
	at java.nio.file.Files.newByteChannel(Files.java:371)
	at java.nio.file.Files.newByteChannel(Files.java:422)
	at java.nio.file.Files.readAllBytes(Files.java:3206)
	at scala.meta.internal.io.PlatformFileIO$.slurp(PlatformFileIO.scala:45)
	at scala.meta.internal.io.FileIO$.slurp(FileIO.scala:24)
	at scala.meta.internal.metals.InteractiveSemanticdbs.$anonfun$textDocument$2(InteractiveSemanticdbs.scala:90)
	at scala.Option.getOrElse(Option.scala:189)
	at scala.meta.internal.metals.InteractiveSemanticdbs.$anonfun$textDocument$1(InteractiveSemanticdbs.scala:90)
	at java.util.HashMap.compute(HashMap.java:1229)
	at java.util.Collections$SynchronizedMap.compute(Collections.java:2692)
	at scala.meta.internal.metals.InteractiveSemanticdbs.textDocument(InteractiveSemanticdbs.scala:89)
	at scala.meta.internal.metals.InteractiveSemanticdbs.textDocument(InteractiveSemanticdbs.scala:63)
	at scala.meta.internal.metals.AggregateSemanticdbs.loop$1(AggregateSemanticdbs.scala:30)
	at scala.meta.internal.metals.AggregateSemanticdbs.textDocument(AggregateSemanticdbs.scala:36)
	at scala.meta.internal.decorations.SyntheticsDecorationProvider.currentDocument(SyntheticsDecorationProvider.scala:251)
	at scala.meta.internal.decorations.SyntheticsDecorationProvider.publishSynthetics(SyntheticsDecorationProvider.scala:74)
	at scala.meta.internal.metals.MetalsLanguageServer.$anonfun$didChange$1(MetalsLanguageServer.scala:1175)
	at scala.concurrent.Future.$anonfun$flatMap$1(Future.scala:307)
	at scala.concurrent.impl.Promise.$anonfun$transformWith$1(Promise.scala:41)
	at scala.concurrent.impl.CallbackRunnable.run(Promise.scala:64)
	at java.util.concurrent.ThreadPoolExecutor.runWorker(ThreadPoolExecutor.java:1128)
	at java.util.concurrent.ThreadPoolExecutor$Worker.run(ThreadPoolExecutor.java:628)
	at java.lang.Thread.run(Thread.java:829)
[0m
2022.01.29 16:06:18 ERROR text document: file:///home/suneel/Code/bf-interpreters/bf.scala
java.nio.file.NoSuchFileException: /home/suneel/Code/bf-interpreters/bf.scala
	at sun.nio.fs.UnixException.translateToIOException(UnixException.java:92)
	at sun.nio.fs.UnixException.rethrowAsIOException(UnixException.java:111)
	at sun.nio.fs.UnixException.rethrowAsIOException(UnixException.java:116)
	at sun.nio.fs.UnixFileSystemProvider.newByteChannel(UnixFileSystemProvider.java:219)
	at java.nio.file.Files.newByteChannel(Files.java:371)
	at java.nio.file.Files.newByteChannel(Files.java:422)
	at java.nio.file.Files.readAllBytes(Files.java:3206)
	at scala.meta.internal.io.PlatformFileIO$.slurp(PlatformFileIO.scala:45)
	at scala.meta.internal.io.FileIO$.slurp(FileIO.scala:24)
	at scala.meta.internal.metals.InteractiveSemanticdbs.$anonfun$textDocument$2(InteractiveSemanticdbs.scala:90)
	at scala.Option.getOrElse(Option.scala:189)
	at scala.meta.internal.metals.InteractiveSemanticdbs.$anonfun$textDocument$1(InteractiveSemanticdbs.scala:90)
	at java.util.HashMap.compute(HashMap.java:1229)
	at java.util.Collections$SynchronizedMap.compute(Collections.java:2692)
	at scala.meta.internal.metals.InteractiveSemanticdbs.textDocument(InteractiveSemanticdbs.scala:89)
	at scala.meta.internal.metals.InteractiveSemanticdbs.textDocument(InteractiveSemanticdbs.scala:63)
	at scala.meta.internal.metals.AggregateSemanticdbs.loop$1(AggregateSemanticdbs.scala:30)
	at scala.meta.internal.metals.AggregateSemanticdbs.textDocument(AggregateSemanticdbs.scala:36)
	at scala.meta.internal.decorations.SyntheticsDecorationProvider.currentDocument(SyntheticsDecorationProvider.scala:251)
	at scala.meta.internal.decorations.SyntheticsDecorationProvider.publishSynthetics(SyntheticsDecorationProvider.scala:74)
	at scala.meta.internal.metals.MetalsLanguageServer.$anonfun$didChange$1(MetalsLanguageServer.scala:1175)
	at scala.concurrent.Future.$anonfun$flatMap$1(Future.scala:307)
	at scala.concurrent.impl.Promise.$anonfun$transformWith$1(Promise.scala:41)
	at scala.concurrent.impl.CallbackRunnable.run(Promise.scala:64)
	at java.util.concurrent.ThreadPoolExecutor.runWorker(ThreadPoolExecutor.java:1128)
	at java.util.concurrent.ThreadPoolExecutor$Worker.run(ThreadPoolExecutor.java:628)
	at java.lang.Thread.run(Thread.java:829)
[0m
2022.01.29 16:06:18 ERROR text document: file:///home/suneel/Code/bf-interpreters/bf.scala
java.nio.file.NoSuchFileException: /home/suneel/Code/bf-interpreters/bf.scala
	at sun.nio.fs.UnixException.translateToIOException(UnixException.java:92)
	at sun.nio.fs.UnixException.rethrowAsIOException(UnixException.java:111)
	at sun.nio.fs.UnixException.rethrowAsIOException(UnixException.java:116)
	at sun.nio.fs.UnixFileSystemProvider.newByteChannel(UnixFileSystemProvider.java:219)
	at java.nio.file.Files.newByteChannel(Files.java:371)
	at java.nio.file.Files.newByteChannel(Files.java:422)
	at java.nio.file.Files.readAllBytes(Files.java:3206)
	at scala.meta.internal.io.PlatformFileIO$.slurp(PlatformFileIO.scala:45)
	at scala.meta.internal.io.FileIO$.slurp(FileIO.scala:24)
	at scala.meta.internal.metals.InteractiveSemanticdbs.$anonfun$textDocument$2(InteractiveSemanticdbs.scala:90)
	at scala.Option.getOrElse(Option.scala:189)
	at scala.meta.internal.metals.InteractiveSemanticdbs.$anonfun$textDocument$1(InteractiveSemanticdbs.scala:90)
	at java.util.HashMap.compute(HashMap.java:1229)
	at java.util.Collections$SynchronizedMap.compute(Collections.java:2692)
	at scala.meta.internal.metals.InteractiveSemanticdbs.textDocument(InteractiveSemanticdbs.scala:89)
	at scala.meta.internal.metals.InteractiveSemanticdbs.textDocument(InteractiveSemanticdbs.scala:63)
	at scala.meta.internal.metals.AggregateSemanticdbs.loop$1(AggregateSemanticdbs.scala:30)
	at scala.meta.internal.metals.AggregateSemanticdbs.textDocument(AggregateSemanticdbs.scala:36)
	at scala.meta.internal.decorations.SyntheticsDecorationProvider.currentDocument(SyntheticsDecorationProvider.scala:251)
	at scala.meta.internal.decorations.SyntheticsDecorationProvider.publishSynthetics(SyntheticsDecorationProvider.scala:74)
	at scala.meta.internal.metals.MetalsLanguageServer.$anonfun$didChange$1(MetalsLanguageServer.scala:1175)
	at scala.concurrent.Future.$anonfun$flatMap$1(Future.scala:307)
	at scala.concurrent.impl.Promise.$anonfun$transformWith$1(Promise.scala:41)
	at scala.concurrent.impl.CallbackRunnable.run(Promise.scala:64)
	at java.util.concurrent.ThreadPoolExecutor.runWorker(ThreadPoolExecutor.java:1128)
	at java.util.concurrent.ThreadPoolExecutor$Worker.run(ThreadPoolExecutor.java:628)
	at java.lang.Thread.run(Thread.java:829)
[0m
2022.01.29 16:06:18 ERROR text document: file:///home/suneel/Code/bf-interpreters/bf.scala
java.nio.file.NoSuchFileException: /home/suneel/Code/bf-interpreters/bf.scala
	at sun.nio.fs.UnixException.translateToIOException(UnixException.java:92)
	at sun.nio.fs.UnixException.rethrowAsIOException(UnixException.java:111)
	at sun.nio.fs.UnixException.rethrowAsIOException(UnixException.java:116)
	at sun.nio.fs.UnixFileSystemProvider.newByteChannel(UnixFileSystemProvider.java:219)
	at java.nio.file.Files.newByteChannel(Files.java:371)
	at java.nio.file.Files.newByteChannel(Files.java:422)
	at java.nio.file.Files.readAllBytes(Files.java:3206)
	at scala.meta.internal.io.PlatformFileIO$.slurp(PlatformFileIO.scala:45)
	at scala.meta.internal.io.FileIO$.slurp(FileIO.scala:24)
	at scala.meta.internal.metals.InteractiveSemanticdbs.$anonfun$textDocument$2(InteractiveSemanticdbs.scala:90)
	at scala.Option.getOrElse(Option.scala:189)
	at scala.meta.internal.metals.InteractiveSemanticdbs.$anonfun$textDocument$1(InteractiveSemanticdbs.scala:90)
	at java.util.HashMap.compute(HashMap.java:1229)
	at java.util.Collections$SynchronizedMap.compute(Collections.java:2692)
	at scala.meta.internal.metals.InteractiveSemanticdbs.textDocument(InteractiveSemanticdbs.scala:89)
	at scala.meta.internal.metals.InteractiveSemanticdbs.textDocument(InteractiveSemanticdbs.scala:63)
	at scala.meta.internal.metals.AggregateSemanticdbs.loop$1(AggregateSemanticdbs.scala:30)
	at scala.meta.internal.metals.AggregateSemanticdbs.textDocument(AggregateSemanticdbs.scala:36)
	at scala.meta.internal.decorations.SyntheticsDecorationProvider.currentDocument(SyntheticsDecorationProvider.scala:251)
	at scala.meta.internal.decorations.SyntheticsDecorationProvider.publishSynthetics(SyntheticsDecorationProvider.scala:74)
	at scala.meta.internal.metals.MetalsLanguageServer.$anonfun$didChange$1(MetalsLanguageServer.scala:1175)
	at scala.concurrent.Future.$anonfun$flatMap$1(Future.scala:307)
	at scala.concurrent.impl.Promise.$anonfun$transformWith$1(Promise.scala:41)
	at scala.concurrent.impl.CallbackRunnable.run(Promise.scala:64)
	at java.util.concurrent.ThreadPoolExecutor.runWorker(ThreadPoolExecutor.java:1128)
	at java.util.concurrent.ThreadPoolExecutor$Worker.run(ThreadPoolExecutor.java:628)
	at java.lang.Thread.run(Thread.java:829)
[0m
2022.01.29 16:06:18 ERROR text document: file:///home/suneel/Code/bf-interpreters/bf.scala
java.nio.file.NoSuchFileException: /home/suneel/Code/bf-interpreters/bf.scala
	at sun.nio.fs.UnixException.translateToIOException(UnixException.java:92)
	at sun.nio.fs.UnixException.rethrowAsIOException(UnixException.java:111)
	at sun.nio.fs.UnixException.rethrowAsIOException(UnixException.java:116)
	at sun.nio.fs.UnixFileSystemProvider.newByteChannel(UnixFileSystemProvider.java:219)
	at java.nio.file.Files.newByteChannel(Files.java:371)
	at java.nio.file.Files.newByteChannel(Files.java:422)
	at java.nio.file.Files.readAllBytes(Files.java:3206)
	at scala.meta.internal.io.PlatformFileIO$.slurp(PlatformFileIO.scala:45)
	at scala.meta.internal.io.FileIO$.slurp(FileIO.scala:24)
	at scala.meta.internal.metals.InteractiveSemanticdbs.$anonfun$textDocument$2(InteractiveSemanticdbs.scala:90)
	at scala.Option.getOrElse(Option.scala:189)
	at scala.meta.internal.metals.InteractiveSemanticdbs.$anonfun$textDocument$1(InteractiveSemanticdbs.scala:90)
	at java.util.HashMap.compute(HashMap.java:1229)
	at java.util.Collections$SynchronizedMap.compute(Collections.java:2692)
	at scala.meta.internal.metals.InteractiveSemanticdbs.textDocument(InteractiveSemanticdbs.scala:89)
	at scala.meta.internal.metals.InteractiveSemanticdbs.textDocument(InteractiveSemanticdbs.scala:63)
	at scala.meta.internal.metals.AggregateSemanticdbs.loop$1(AggregateSemanticdbs.scala:30)
	at scala.meta.internal.metals.AggregateSemanticdbs.textDocument(AggregateSemanticdbs.scala:36)
	at scala.meta.internal.decorations.SyntheticsDecorationProvider.currentDocument(SyntheticsDecorationProvider.scala:251)
	at scala.meta.internal.decorations.SyntheticsDecorationProvider.publishSynthetics(SyntheticsDecorationProvider.scala:74)
	at scala.meta.internal.metals.MetalsLanguageServer.$anonfun$didChange$1(MetalsLanguageServer.scala:1175)
	at scala.concurrent.Future.$anonfun$flatMap$1(Future.scala:307)
	at scala.concurrent.impl.Promise.$anonfun$transformWith$1(Promise.scala:41)
	at scala.concurrent.impl.CallbackRunnable.run(Promise.scala:64)
	at java.util.concurrent.ThreadPoolExecutor.runWorker(ThreadPoolExecutor.java:1128)
	at java.util.concurrent.ThreadPoolExecutor$Worker.run(ThreadPoolExecutor.java:628)
	at java.lang.Thread.run(Thread.java:829)
[0m
2022.01.29 16:06:18 ERROR text document: file:///home/suneel/Code/bf-interpreters/bf.scala
java.nio.file.NoSuchFileException: /home/suneel/Code/bf-interpreters/bf.scala
	at sun.nio.fs.UnixException.translateToIOException(UnixException.java:92)
	at sun.nio.fs.UnixException.rethrowAsIOException(UnixException.java:111)
	at sun.nio.fs.UnixException.rethrowAsIOException(UnixException.java:116)
	at sun.nio.fs.UnixFileSystemProvider.newByteChannel(UnixFileSystemProvider.java:219)
	at java.nio.file.Files.newByteChannel(Files.java:371)
	at java.nio.file.Files.newByteChannel(Files.java:422)
	at java.nio.file.Files.readAllBytes(Files.java:3206)
	at scala.meta.internal.io.PlatformFileIO$.slurp(PlatformFileIO.scala:45)
	at scala.meta.internal.io.FileIO$.slurp(FileIO.scala:24)
	at scala.meta.internal.metals.InteractiveSemanticdbs.$anonfun$textDocument$2(InteractiveSemanticdbs.scala:90)
	at scala.Option.getOrElse(Option.scala:189)
	at scala.meta.internal.metals.InteractiveSemanticdbs.$anonfun$textDocument$1(InteractiveSemanticdbs.scala:90)
	at java.util.HashMap.compute(HashMap.java:1229)
	at java.util.Collections$SynchronizedMap.compute(Collections.java:2692)
	at scala.meta.internal.metals.InteractiveSemanticdbs.textDocument(InteractiveSemanticdbs.scala:89)
	at scala.meta.internal.metals.InteractiveSemanticdbs.textDocument(InteractiveSemanticdbs.scala:63)
	at scala.meta.internal.metals.AggregateSemanticdbs.loop$1(AggregateSemanticdbs.scala:30)
	at scala.meta.internal.metals.AggregateSemanticdbs.textDocument(AggregateSemanticdbs.scala:36)
	at scala.meta.internal.decorations.SyntheticsDecorationProvider.currentDocument(SyntheticsDecorationProvider.scala:251)
	at scala.meta.internal.decorations.SyntheticsDecorationProvider.publishSynthetics(SyntheticsDecorationProvider.scala:74)
	at scala.meta.internal.metals.MetalsLanguageServer.$anonfun$didChange$1(MetalsLanguageServer.scala:1175)
	at scala.concurrent.Future.$anonfun$flatMap$1(Future.scala:307)
	at scala.concurrent.impl.Promise.$anonfun$transformWith$1(Promise.scala:41)
	at scala.concurrent.impl.CallbackRunnable.run(Promise.scala:64)
	at java.util.concurrent.ThreadPoolExecutor.runWorker(ThreadPoolExecutor.java:1128)
	at java.util.concurrent.ThreadPoolExecutor$Worker.run(ThreadPoolExecutor.java:628)
	at java.lang.Thread.run(Thread.java:829)
[0m
2022.01.29 16:06:18 ERROR text document: file:///home/suneel/Code/bf-interpreters/bf.scala
java.nio.file.NoSuchFileException: /home/suneel/Code/bf-interpreters/bf.scala
	at sun.nio.fs.UnixException.translateToIOException(UnixException.java:92)
	at sun.nio.fs.UnixException.rethrowAsIOException(UnixException.java:111)
	at sun.nio.fs.UnixException.rethrowAsIOException(UnixException.java:116)
	at sun.nio.fs.UnixFileSystemProvider.newByteChannel(UnixFileSystemProvider.java:219)
	at java.nio.file.Files.newByteChannel(Files.java:371)
	at java.nio.file.Files.newByteChannel(Files.java:422)
	at java.nio.file.Files.readAllBytes(Files.java:3206)
	at scala.meta.internal.io.PlatformFileIO$.slurp(PlatformFileIO.scala:45)
	at scala.meta.internal.io.FileIO$.slurp(FileIO.scala:24)
	at scala.meta.internal.metals.InteractiveSemanticdbs.$anonfun$textDocument$2(InteractiveSemanticdbs.scala:90)
	at scala.Option.getOrElse(Option.scala:189)
	at scala.meta.internal.metals.InteractiveSemanticdbs.$anonfun$textDocument$1(InteractiveSemanticdbs.scala:90)
	at java.util.HashMap.compute(HashMap.java:1229)
	at java.util.Collections$SynchronizedMap.compute(Collections.java:2692)
	at scala.meta.internal.metals.InteractiveSemanticdbs.textDocument(InteractiveSemanticdbs.scala:89)
	at scala.meta.internal.metals.InteractiveSemanticdbs.textDocument(InteractiveSemanticdbs.scala:63)
	at scala.meta.internal.metals.AggregateSemanticdbs.loop$1(AggregateSemanticdbs.scala:30)
	at scala.meta.internal.metals.AggregateSemanticdbs.textDocument(AggregateSemanticdbs.scala:36)
	at scala.meta.internal.decorations.SyntheticsDecorationProvider.currentDocument(SyntheticsDecorationProvider.scala:251)
	at scala.meta.internal.decorations.SyntheticsDecorationProvider.publishSynthetics(SyntheticsDecorationProvider.scala:74)
	at scala.meta.internal.metals.MetalsLanguageServer.$anonfun$didChange$1(MetalsLanguageServer.scala:1175)
	at scala.concurrent.Future.$anonfun$flatMap$1(Future.scala:307)
	at scala.concurrent.impl.Promise.$anonfun$transformWith$1(Promise.scala:41)
	at scala.concurrent.impl.CallbackRunnable.run(Promise.scala:64)
	at java.util.concurrent.ThreadPoolExecutor.runWorker(ThreadPoolExecutor.java:1128)
	at java.util.concurrent.ThreadPoolExecutor$Worker.run(ThreadPoolExecutor.java:628)
	at java.lang.Thread.run(Thread.java:829)
[0m
2022.01.29 16:06:18 ERROR text document: file:///home/suneel/Code/bf-interpreters/bf.scala
java.nio.file.NoSuchFileException: /home/suneel/Code/bf-interpreters/bf.scala
	at sun.nio.fs.UnixException.translateToIOException(UnixException.java:92)
	at sun.nio.fs.UnixException.rethrowAsIOException(UnixException.java:111)
	at sun.nio.fs.UnixException.rethrowAsIOException(UnixException.java:116)
	at sun.nio.fs.UnixFileSystemProvider.newByteChannel(UnixFileSystemProvider.java:219)
	at java.nio.file.Files.newByteChannel(Files.java:371)
	at java.nio.file.Files.newByteChannel(Files.java:422)
	at java.nio.file.Files.readAllBytes(Files.java:3206)
	at scala.meta.internal.io.PlatformFileIO$.slurp(PlatformFileIO.scala:45)
	at scala.meta.internal.io.FileIO$.slurp(FileIO.scala:24)
	at scala.meta.internal.metals.InteractiveSemanticdbs.$anonfun$textDocument$2(InteractiveSemanticdbs.scala:90)
	at scala.Option.getOrElse(Option.scala:189)
	at scala.meta.internal.metals.InteractiveSemanticdbs.$anonfun$textDocument$1(InteractiveSemanticdbs.scala:90)
	at java.util.HashMap.compute(HashMap.java:1229)
	at java.util.Collections$SynchronizedMap.compute(Collections.java:2692)
	at scala.meta.internal.metals.InteractiveSemanticdbs.textDocument(InteractiveSemanticdbs.scala:89)
	at scala.meta.internal.metals.InteractiveSemanticdbs.textDocument(InteractiveSemanticdbs.scala:63)
	at scala.meta.internal.metals.AggregateSemanticdbs.loop$1(AggregateSemanticdbs.scala:30)
	at scala.meta.internal.metals.AggregateSemanticdbs.textDocument(AggregateSemanticdbs.scala:36)
	at scala.meta.internal.decorations.SyntheticsDecorationProvider.currentDocument(SyntheticsDecorationProvider.scala:251)
	at scala.meta.internal.decorations.SyntheticsDecorationProvider.publishSynthetics(SyntheticsDecorationProvider.scala:74)
	at scala.meta.internal.metals.MetalsLanguageServer.$anonfun$didChange$1(MetalsLanguageServer.scala:1175)
	at scala.concurrent.Future.$anonfun$flatMap$1(Future.scala:307)
	at scala.concurrent.impl.Promise.$anonfun$transformWith$1(Promise.scala:41)
	at scala.concurrent.impl.CallbackRunnable.run(Promise.scala:64)
	at java.util.concurrent.ThreadPoolExecutor.runWorker(ThreadPoolExecutor.java:1128)
	at java.util.concurrent.ThreadPoolExecutor$Worker.run(ThreadPoolExecutor.java:628)
	at java.lang.Thread.run(Thread.java:829)
[0m
2022.01.29 16:06:18 ERROR text document: file:///home/suneel/Code/bf-interpreters/bf.scala
java.nio.file.NoSuchFileException: /home/suneel/Code/bf-interpreters/bf.scala
	at sun.nio.fs.UnixException.translateToIOException(UnixException.java:92)
	at sun.nio.fs.UnixException.rethrowAsIOException(UnixException.java:111)
	at sun.nio.fs.UnixException.rethrowAsIOException(UnixException.java:116)
	at sun.nio.fs.UnixFileSystemProvider.newByteChannel(UnixFileSystemProvider.java:219)
	at java.nio.file.Files.newByteChannel(Files.java:371)
	at java.nio.file.Files.newByteChannel(Files.java:422)
	at java.nio.file.Files.readAllBytes(Files.java:3206)
	at scala.meta.internal.io.PlatformFileIO$.slurp(PlatformFileIO.scala:45)
	at scala.meta.internal.io.FileIO$.slurp(FileIO.scala:24)
	at scala.meta.internal.metals.InteractiveSemanticdbs.$anonfun$textDocument$2(InteractiveSemanticdbs.scala:90)
	at scala.Option.getOrElse(Option.scala:189)
	at scala.meta.internal.metals.InteractiveSemanticdbs.$anonfun$textDocument$1(InteractiveSemanticdbs.scala:90)
	at java.util.HashMap.compute(HashMap.java:1229)
	at java.util.Collections$SynchronizedMap.compute(Collections.java:2692)
	at scala.meta.internal.metals.InteractiveSemanticdbs.textDocument(InteractiveSemanticdbs.scala:89)
	at scala.meta.internal.metals.InteractiveSemanticdbs.textDocument(InteractiveSemanticdbs.scala:63)
	at scala.meta.internal.metals.AggregateSemanticdbs.loop$1(AggregateSemanticdbs.scala:30)
	at scala.meta.internal.metals.AggregateSemanticdbs.textDocument(AggregateSemanticdbs.scala:36)
	at scala.meta.internal.decorations.SyntheticsDecorationProvider.currentDocument(SyntheticsDecorationProvider.scala:251)
	at scala.meta.internal.decorations.SyntheticsDecorationProvider.publishSynthetics(SyntheticsDecorationProvider.scala:74)
	at scala.meta.internal.metals.MetalsLanguageServer.$anonfun$didChange$1(MetalsLanguageServer.scala:1175)
	at scala.concurrent.Future.$anonfun$flatMap$1(Future.scala:307)
	at scala.concurrent.impl.Promise.$anonfun$transformWith$1(Promise.scala:41)
	at scala.concurrent.impl.CallbackRunnable.run(Promise.scala:64)
	at java.util.concurrent.ThreadPoolExecutor.runWorker(ThreadPoolExecutor.java:1128)
	at java.util.concurrent.ThreadPoolExecutor$Worker.run(ThreadPoolExecutor.java:628)
	at java.lang.Thread.run(Thread.java:829)
[0m
2022.01.29 16:06:18 ERROR text document: file:///home/suneel/Code/bf-interpreters/bf.scala
java.nio.file.NoSuchFileException: /home/suneel/Code/bf-interpreters/bf.scala
	at sun.nio.fs.UnixException.translateToIOException(UnixException.java:92)
	at sun.nio.fs.UnixException.rethrowAsIOException(UnixException.java:111)
	at sun.nio.fs.UnixException.rethrowAsIOException(UnixException.java:116)
	at sun.nio.fs.UnixFileSystemProvider.newByteChannel(UnixFileSystemProvider.java:219)
	at java.nio.file.Files.newByteChannel(Files.java:371)
	at java.nio.file.Files.newByteChannel(Files.java:422)
	at java.nio.file.Files.readAllBytes(Files.java:3206)
	at scala.meta.internal.io.PlatformFileIO$.slurp(PlatformFileIO.scala:45)
	at scala.meta.internal.io.FileIO$.slurp(FileIO.scala:24)
	at scala.meta.internal.metals.InteractiveSemanticdbs.$anonfun$textDocument$2(InteractiveSemanticdbs.scala:90)
	at scala.Option.getOrElse(Option.scala:189)
	at scala.meta.internal.metals.InteractiveSemanticdbs.$anonfun$textDocument$1(InteractiveSemanticdbs.scala:90)
	at java.util.HashMap.compute(HashMap.java:1229)
	at java.util.Collections$SynchronizedMap.compute(Collections.java:2692)
	at scala.meta.internal.metals.InteractiveSemanticdbs.textDocument(InteractiveSemanticdbs.scala:89)
	at scala.meta.internal.metals.InteractiveSemanticdbs.textDocument(InteractiveSemanticdbs.scala:63)
	at scala.meta.internal.metals.AggregateSemanticdbs.loop$1(AggregateSemanticdbs.scala:30)
	at scala.meta.internal.metals.AggregateSemanticdbs.textDocument(AggregateSemanticdbs.scala:36)
	at scala.meta.internal.decorations.SyntheticsDecorationProvider.currentDocument(SyntheticsDecorationProvider.scala:251)
	at scala.meta.internal.decorations.SyntheticsDecorationProvider.publishSynthetics(SyntheticsDecorationProvider.scala:74)
	at scala.meta.internal.metals.MetalsLanguageServer.$anonfun$didChange$1(MetalsLanguageServer.scala:1175)
	at scala.concurrent.Future.$anonfun$flatMap$1(Future.scala:307)
	at scala.concurrent.impl.Promise.$anonfun$transformWith$1(Promise.scala:41)
	at scala.concurrent.impl.CallbackRunnable.run(Promise.scala:64)
	at java.util.concurrent.ThreadPoolExecutor.runWorker(ThreadPoolExecutor.java:1128)
	at java.util.concurrent.ThreadPoolExecutor$Worker.run(ThreadPoolExecutor.java:628)
	at java.lang.Thread.run(Thread.java:829)
[0m
2022.01.29 16:06:18 ERROR text document: file:///home/suneel/Code/bf-interpreters/bf.scala
java.nio.file.NoSuchFileException: /home/suneel/Code/bf-interpreters/bf.scala
	at sun.nio.fs.UnixException.translateToIOException(UnixException.java:92)
	at sun.nio.fs.UnixException.rethrowAsIOException(UnixException.java:111)
	at sun.nio.fs.UnixException.rethrowAsIOException(UnixException.java:116)
	at sun.nio.fs.UnixFileSystemProvider.newByteChannel(UnixFileSystemProvider.java:219)
	at java.nio.file.Files.newByteChannel(Files.java:371)
	at java.nio.file.Files.newByteChannel(Files.java:422)
	at java.nio.file.Files.readAllBytes(Files.java:3206)
	at scala.meta.internal.io.PlatformFileIO$.slurp(PlatformFileIO.scala:45)
	at scala.meta.internal.io.FileIO$.slurp(FileIO.scala:24)
	at scala.meta.internal.metals.InteractiveSemanticdbs.$anonfun$textDocument$2(InteractiveSemanticdbs.scala:90)
	at scala.Option.getOrElse(Option.scala:189)
	at scala.meta.internal.metals.InteractiveSemanticdbs.$anonfun$textDocument$1(InteractiveSemanticdbs.scala:90)
	at java.util.HashMap.compute(HashMap.java:1229)
	at java.util.Collections$SynchronizedMap.compute(Collections.java:2692)
	at scala.meta.internal.metals.InteractiveSemanticdbs.textDocument(InteractiveSemanticdbs.scala:89)
	at scala.meta.internal.metals.InteractiveSemanticdbs.textDocument(InteractiveSemanticdbs.scala:63)
	at scala.meta.internal.metals.AggregateSemanticdbs.loop$1(AggregateSemanticdbs.scala:30)
	at scala.meta.internal.metals.AggregateSemanticdbs.textDocument(AggregateSemanticdbs.scala:36)
	at scala.meta.internal.decorations.SyntheticsDecorationProvider.currentDocument(SyntheticsDecorationProvider.scala:251)
	at scala.meta.internal.decorations.SyntheticsDecorationProvider.publishSynthetics(SyntheticsDecorationProvider.scala:74)
	at scala.meta.internal.metals.MetalsLanguageServer.$anonfun$didChange$1(MetalsLanguageServer.scala:1175)
	at scala.concurrent.Future.$anonfun$flatMap$1(Future.scala:307)
	at scala.concurrent.impl.Promise.$anonfun$transformWith$1(Promise.scala:41)
	at scala.concurrent.impl.CallbackRunnable.run(Promise.scala:64)
	at java.util.concurrent.ThreadPoolExecutor.runWorker(ThreadPoolExecutor.java:1128)
	at java.util.concurrent.ThreadPoolExecutor$Worker.run(ThreadPoolExecutor.java:628)
	at java.lang.Thread.run(Thread.java:829)
[0m
2022.01.29 16:06:18 ERROR text document: file:///home/suneel/Code/bf-interpreters/bf.scala
java.nio.file.NoSuchFileException: /home/suneel/Code/bf-interpreters/bf.scala
	at sun.nio.fs.UnixException.translateToIOException(UnixException.java:92)
	at sun.nio.fs.UnixException.rethrowAsIOException(UnixException.java:111)
	at sun.nio.fs.UnixException.rethrowAsIOException(UnixException.java:116)
	at sun.nio.fs.UnixFileSystemProvider.newByteChannel(UnixFileSystemProvider.java:219)
	at java.nio.file.Files.newByteChannel(Files.java:371)
	at java.nio.file.Files.newByteChannel(Files.java:422)
	at java.nio.file.Files.readAllBytes(Files.java:3206)
	at scala.meta.internal.io.PlatformFileIO$.slurp(PlatformFileIO.scala:45)
	at scala.meta.internal.io.FileIO$.slurp(FileIO.scala:24)
	at scala.meta.internal.metals.InteractiveSemanticdbs.$anonfun$textDocument$2(InteractiveSemanticdbs.scala:90)
	at scala.Option.getOrElse(Option.scala:189)
	at scala.meta.internal.metals.InteractiveSemanticdbs.$anonfun$textDocument$1(InteractiveSemanticdbs.scala:90)
	at java.util.HashMap.compute(HashMap.java:1229)
	at java.util.Collections$SynchronizedMap.compute(Collections.java:2692)
	at scala.meta.internal.metals.InteractiveSemanticdbs.textDocument(InteractiveSemanticdbs.scala:89)
	at scala.meta.internal.metals.InteractiveSemanticdbs.textDocument(InteractiveSemanticdbs.scala:63)
	at scala.meta.internal.metals.AggregateSemanticdbs.loop$1(AggregateSemanticdbs.scala:30)
	at scala.meta.internal.metals.AggregateSemanticdbs.textDocument(AggregateSemanticdbs.scala:36)
	at scala.meta.internal.decorations.SyntheticsDecorationProvider.currentDocument(SyntheticsDecorationProvider.scala:251)
	at scala.meta.internal.decorations.SyntheticsDecorationProvider.publishSynthetics(SyntheticsDecorationProvider.scala:74)
	at scala.meta.internal.metals.MetalsLanguageServer.$anonfun$didChange$1(MetalsLanguageServer.scala:1175)
	at scala.concurrent.Future.$anonfun$flatMap$1(Future.scala:307)
	at scala.concurrent.impl.Promise.$anonfun$transformWith$1(Promise.scala:41)
	at scala.concurrent.impl.CallbackRunnable.run(Promise.scala:64)
	at java.util.concurrent.ThreadPoolExecutor.runWorker(ThreadPoolExecutor.java:1128)
	at java.util.concurrent.ThreadPoolExecutor$Worker.run(ThreadPoolExecutor.java:628)
	at java.lang.Thread.run(Thread.java:829)
[0m
2022.01.29 16:06:20 ERROR text document: file:///home/suneel/Code/bf-interpreters/bf.scala
java.nio.file.NoSuchFileException: /home/suneel/Code/bf-interpreters/bf.scala
	at sun.nio.fs.UnixException.translateToIOException(UnixException.java:92)
	at sun.nio.fs.UnixException.rethrowAsIOException(UnixException.java:111)
	at sun.nio.fs.UnixException.rethrowAsIOException(UnixException.java:116)
	at sun.nio.fs.UnixFileSystemProvider.newByteChannel(UnixFileSystemProvider.java:219)
	at java.nio.file.Files.newByteChannel(Files.java:371)
	at java.nio.file.Files.newByteChannel(Files.java:422)
	at java.nio.file.Files.readAllBytes(Files.java:3206)
	at scala.meta.internal.io.PlatformFileIO$.slurp(PlatformFileIO.scala:45)
	at scala.meta.internal.io.FileIO$.slurp(FileIO.scala:24)
	at scala.meta.internal.metals.InteractiveSemanticdbs.$anonfun$textDocument$2(InteractiveSemanticdbs.scala:90)
	at scala.Option.getOrElse(Option.scala:189)
	at scala.meta.internal.metals.InteractiveSemanticdbs.$anonfun$textDocument$1(InteractiveSemanticdbs.scala:90)
	at java.util.HashMap.compute(HashMap.java:1229)
	at java.util.Collections$SynchronizedMap.compute(Collections.java:2692)
	at scala.meta.internal.metals.InteractiveSemanticdbs.textDocument(InteractiveSemanticdbs.scala:89)
	at scala.meta.internal.metals.InteractiveSemanticdbs.textDocument(InteractiveSemanticdbs.scala:63)
	at scala.meta.internal.metals.AggregateSemanticdbs.loop$1(AggregateSemanticdbs.scala:30)
	at scala.meta.internal.metals.AggregateSemanticdbs.textDocument(AggregateSemanticdbs.scala:36)
	at scala.meta.internal.decorations.SyntheticsDecorationProvider.currentDocument(SyntheticsDecorationProvider.scala:251)
	at scala.meta.internal.decorations.SyntheticsDecorationProvider.publishSynthetics(SyntheticsDecorationProvider.scala:74)
	at scala.meta.internal.metals.MetalsLanguageServer.$anonfun$didChange$1(MetalsLanguageServer.scala:1175)
	at scala.concurrent.Future.$anonfun$flatMap$1(Future.scala:307)
	at scala.concurrent.impl.Promise.$anonfun$transformWith$1(Promise.scala:41)
	at scala.concurrent.impl.CallbackRunnable.run(Promise.scala:64)
	at java.util.concurrent.ThreadPoolExecutor.runWorker(ThreadPoolExecutor.java:1128)
	at java.util.concurrent.ThreadPoolExecutor$Worker.run(ThreadPoolExecutor.java:628)
	at java.lang.Thread.run(Thread.java:829)
[0m
2022.01.29 16:06:23 ERROR text document: file:///home/suneel/Code/bf-interpreters/bf.scala
java.nio.file.NoSuchFileException: /home/suneel/Code/bf-interpreters/bf.scala
	at sun.nio.fs.UnixException.translateToIOException(UnixException.java:92)
	at sun.nio.fs.UnixException.rethrowAsIOException(UnixException.java:111)
	at sun.nio.fs.UnixException.rethrowAsIOException(UnixException.java:116)
	at sun.nio.fs.UnixFileSystemProvider.newByteChannel(UnixFileSystemProvider.java:219)
	at java.nio.file.Files.newByteChannel(Files.java:371)
	at java.nio.file.Files.newByteChannel(Files.java:422)
	at java.nio.file.Files.readAllBytes(Files.java:3206)
	at scala.meta.internal.io.PlatformFileIO$.slurp(PlatformFileIO.scala:45)
	at scala.meta.internal.io.FileIO$.slurp(FileIO.scala:24)
	at scala.meta.internal.metals.InteractiveSemanticdbs.$anonfun$textDocument$2(InteractiveSemanticdbs.scala:90)
	at scala.Option.getOrElse(Option.scala:189)
	at scala.meta.internal.metals.InteractiveSemanticdbs.$anonfun$textDocument$1(InteractiveSemanticdbs.scala:90)
	at java.util.HashMap.compute(HashMap.java:1229)
	at java.util.Collections$SynchronizedMap.compute(Collections.java:2692)
	at scala.meta.internal.metals.InteractiveSemanticdbs.textDocument(InteractiveSemanticdbs.scala:89)
	at scala.meta.internal.metals.InteractiveSemanticdbs.textDocument(InteractiveSemanticdbs.scala:63)
	at scala.meta.internal.metals.AggregateSemanticdbs.loop$1(AggregateSemanticdbs.scala:30)
	at scala.meta.internal.metals.AggregateSemanticdbs.textDocument(AggregateSemanticdbs.scala:36)
	at scala.meta.internal.decorations.SyntheticsDecorationProvider.currentDocument(SyntheticsDecorationProvider.scala:251)
	at scala.meta.internal.decorations.SyntheticsDecorationProvider.publishSynthetics(SyntheticsDecorationProvider.scala:74)
	at scala.meta.internal.metals.MetalsLanguageServer.$anonfun$didChange$1(MetalsLanguageServer.scala:1175)
	at scala.concurrent.Future.$anonfun$flatMap$1(Future.scala:307)
	at scala.concurrent.impl.Promise.$anonfun$transformWith$1(Promise.scala:41)
	at scala.concurrent.impl.CallbackRunnable.run(Promise.scala:64)
	at java.util.concurrent.ThreadPoolExecutor.runWorker(ThreadPoolExecutor.java:1128)
	at java.util.concurrent.ThreadPoolExecutor$Worker.run(ThreadPoolExecutor.java:628)
	at java.lang.Thread.run(Thread.java:829)
[0m
2022.01.29 16:06:23 ERROR text document: file:///home/suneel/Code/bf-interpreters/bf.scala
java.nio.file.NoSuchFileException: /home/suneel/Code/bf-interpreters/bf.scala
	at sun.nio.fs.UnixException.translateToIOException(UnixException.java:92)
	at sun.nio.fs.UnixException.rethrowAsIOException(UnixException.java:111)
	at sun.nio.fs.UnixException.rethrowAsIOException(UnixException.java:116)
	at sun.nio.fs.UnixFileSystemProvider.newByteChannel(UnixFileSystemProvider.java:219)
	at java.nio.file.Files.newByteChannel(Files.java:371)
	at java.nio.file.Files.newByteChannel(Files.java:422)
	at java.nio.file.Files.readAllBytes(Files.java:3206)
	at scala.meta.internal.io.PlatformFileIO$.slurp(PlatformFileIO.scala:45)
	at scala.meta.internal.io.FileIO$.slurp(FileIO.scala:24)
	at scala.meta.internal.metals.InteractiveSemanticdbs.$anonfun$textDocument$2(InteractiveSemanticdbs.scala:90)
	at scala.Option.getOrElse(Option.scala:189)
	at scala.meta.internal.metals.InteractiveSemanticdbs.$anonfun$textDocument$1(InteractiveSemanticdbs.scala:90)
	at java.util.HashMap.compute(HashMap.java:1229)
	at java.util.Collections$SynchronizedMap.compute(Collections.java:2692)
	at scala.meta.internal.metals.InteractiveSemanticdbs.textDocument(InteractiveSemanticdbs.scala:89)
	at scala.meta.internal.metals.InteractiveSemanticdbs.textDocument(InteractiveSemanticdbs.scala:63)
	at scala.meta.internal.metals.AggregateSemanticdbs.loop$1(AggregateSemanticdbs.scala:30)
	at scala.meta.internal.metals.AggregateSemanticdbs.textDocument(AggregateSemanticdbs.scala:36)
	at scala.meta.internal.decorations.SyntheticsDecorationProvider.currentDocument(SyntheticsDecorationProvider.scala:251)
	at scala.meta.internal.decorations.SyntheticsDecorationProvider.publishSynthetics(SyntheticsDecorationProvider.scala:74)
	at scala.meta.internal.metals.MetalsLanguageServer.$anonfun$didChange$1(MetalsLanguageServer.scala:1175)
	at scala.concurrent.Future.$anonfun$flatMap$1(Future.scala:307)
	at scala.concurrent.impl.Promise.$anonfun$transformWith$1(Promise.scala:41)
	at scala.concurrent.impl.CallbackRunnable.run(Promise.scala:64)
	at java.util.concurrent.ThreadPoolExecutor.runWorker(ThreadPoolExecutor.java:1128)
	at java.util.concurrent.ThreadPoolExecutor$Worker.run(ThreadPoolExecutor.java:628)
	at java.lang.Thread.run(Thread.java:829)
[0m
2022.01.29 16:06:24 ERROR text document: file:///home/suneel/Code/bf-interpreters/bf.scala
java.nio.file.NoSuchFileException: /home/suneel/Code/bf-interpreters/bf.scala
	at sun.nio.fs.UnixException.translateToIOException(UnixException.java:92)
	at sun.nio.fs.UnixException.rethrowAsIOException(UnixException.java:111)
	at sun.nio.fs.UnixException.rethrowAsIOException(UnixException.java:116)
	at sun.nio.fs.UnixFileSystemProvider.newByteChannel(UnixFileSystemProvider.java:219)
	at java.nio.file.Files.newByteChannel(Files.java:371)
	at java.nio.file.Files.newByteChannel(Files.java:422)
	at java.nio.file.Files.readAllBytes(Files.java:3206)
	at scala.meta.internal.io.PlatformFileIO$.slurp(PlatformFileIO.scala:45)
	at scala.meta.internal.io.FileIO$.slurp(FileIO.scala:24)
	at scala.meta.internal.metals.InteractiveSemanticdbs.$anonfun$textDocument$2(InteractiveSemanticdbs.scala:90)
	at scala.Option.getOrElse(Option.scala:189)
	at scala.meta.internal.metals.InteractiveSemanticdbs.$anonfun$textDocument$1(InteractiveSemanticdbs.scala:90)
	at java.util.HashMap.compute(HashMap.java:1229)
	at java.util.Collections$SynchronizedMap.compute(Collections.java:2692)
	at scala.meta.internal.metals.InteractiveSemanticdbs.textDocument(InteractiveSemanticdbs.scala:89)
	at scala.meta.internal.metals.InteractiveSemanticdbs.textDocument(InteractiveSemanticdbs.scala:63)
	at scala.meta.internal.metals.AggregateSemanticdbs.loop$1(AggregateSemanticdbs.scala:30)
	at scala.meta.internal.metals.AggregateSemanticdbs.textDocument(AggregateSemanticdbs.scala:36)
	at scala.meta.internal.decorations.SyntheticsDecorationProvider.currentDocument(SyntheticsDecorationProvider.scala:251)
	at scala.meta.internal.decorations.SyntheticsDecorationProvider.publishSynthetics(SyntheticsDecorationProvider.scala:74)
	at scala.meta.internal.metals.MetalsLanguageServer.$anonfun$didChange$1(MetalsLanguageServer.scala:1175)
	at scala.concurrent.Future.$anonfun$flatMap$1(Future.scala:307)
	at scala.concurrent.impl.Promise.$anonfun$transformWith$1(Promise.scala:41)
	at scala.concurrent.impl.CallbackRunnable.run(Promise.scala:64)
	at java.util.concurrent.ThreadPoolExecutor.runWorker(ThreadPoolExecutor.java:1128)
	at java.util.concurrent.ThreadPoolExecutor$Worker.run(ThreadPoolExecutor.java:628)
	at java.lang.Thread.run(Thread.java:829)
[0m
2022.01.29 16:06:24 ERROR text document: file:///home/suneel/Code/bf-interpreters/bf.scala
java.nio.file.NoSuchFileException: /home/suneel/Code/bf-interpreters/bf.scala
	at sun.nio.fs.UnixException.translateToIOException(UnixException.java:92)
	at sun.nio.fs.UnixException.rethrowAsIOException(UnixException.java:111)
	at sun.nio.fs.UnixException.rethrowAsIOException(UnixException.java:116)
	at sun.nio.fs.UnixFileSystemProvider.newByteChannel(UnixFileSystemProvider.java:219)
	at java.nio.file.Files.newByteChannel(Files.java:371)
	at java.nio.file.Files.newByteChannel(Files.java:422)
	at java.nio.file.Files.readAllBytes(Files.java:3206)
	at scala.meta.internal.io.PlatformFileIO$.slurp(PlatformFileIO.scala:45)
	at scala.meta.internal.io.FileIO$.slurp(FileIO.scala:24)
	at scala.meta.internal.metals.InteractiveSemanticdbs.$anonfun$textDocument$2(InteractiveSemanticdbs.scala:90)
	at scala.Option.getOrElse(Option.scala:189)
	at scala.meta.internal.metals.InteractiveSemanticdbs.$anonfun$textDocument$1(InteractiveSemanticdbs.scala:90)
	at java.util.HashMap.compute(HashMap.java:1229)
	at java.util.Collections$SynchronizedMap.compute(Collections.java:2692)
	at scala.meta.internal.metals.InteractiveSemanticdbs.textDocument(InteractiveSemanticdbs.scala:89)
	at scala.meta.internal.metals.InteractiveSemanticdbs.textDocument(InteractiveSemanticdbs.scala:63)
	at scala.meta.internal.metals.AggregateSemanticdbs.loop$1(AggregateSemanticdbs.scala:30)
	at scala.meta.internal.metals.AggregateSemanticdbs.textDocument(AggregateSemanticdbs.scala:36)
	at scala.meta.internal.decorations.SyntheticsDecorationProvider.currentDocument(SyntheticsDecorationProvider.scala:251)
	at scala.meta.internal.decorations.SyntheticsDecorationProvider.publishSynthetics(SyntheticsDecorationProvider.scala:74)
	at scala.meta.internal.metals.MetalsLanguageServer.$anonfun$didChange$1(MetalsLanguageServer.scala:1175)
	at scala.concurrent.Future.$anonfun$flatMap$1(Future.scala:307)
	at scala.concurrent.impl.Promise.$anonfun$transformWith$1(Promise.scala:41)
	at scala.concurrent.impl.CallbackRunnable.run(Promise.scala:64)
	at java.util.concurrent.ThreadPoolExecutor.runWorker(ThreadPoolExecutor.java:1128)
	at java.util.concurrent.ThreadPoolExecutor$Worker.run(ThreadPoolExecutor.java:628)
	at java.lang.Thread.run(Thread.java:829)
[0m
2022.01.29 16:06:25 ERROR text document: file:///home/suneel/Code/bf-interpreters/bf.scala
java.nio.file.NoSuchFileException: /home/suneel/Code/bf-interpreters/bf.scala
	at sun.nio.fs.UnixException.translateToIOException(UnixException.java:92)
	at sun.nio.fs.UnixException.rethrowAsIOException(UnixException.java:111)
	at sun.nio.fs.UnixException.rethrowAsIOException(UnixException.java:116)
	at sun.nio.fs.UnixFileSystemProvider.newByteChannel(UnixFileSystemProvider.java:219)
	at java.nio.file.Files.newByteChannel(Files.java:371)
	at java.nio.file.Files.newByteChannel(Files.java:422)
	at java.nio.file.Files.readAllBytes(Files.java:3206)
	at scala.meta.internal.io.PlatformFileIO$.slurp(PlatformFileIO.scala:45)
	at scala.meta.internal.io.FileIO$.slurp(FileIO.scala:24)
	at scala.meta.internal.metals.InteractiveSemanticdbs.$anonfun$textDocument$2(InteractiveSemanticdbs.scala:90)
	at scala.Option.getOrElse(Option.scala:189)
	at scala.meta.internal.metals.InteractiveSemanticdbs.$anonfun$textDocument$1(InteractiveSemanticdbs.scala:90)
	at java.util.HashMap.compute(HashMap.java:1229)
	at java.util.Collections$SynchronizedMap.compute(Collections.java:2692)
	at scala.meta.internal.metals.InteractiveSemanticdbs.textDocument(InteractiveSemanticdbs.scala:89)
	at scala.meta.internal.metals.InteractiveSemanticdbs.textDocument(InteractiveSemanticdbs.scala:63)
	at scala.meta.internal.metals.AggregateSemanticdbs.loop$1(AggregateSemanticdbs.scala:30)
	at scala.meta.internal.metals.AggregateSemanticdbs.textDocument(AggregateSemanticdbs.scala:36)
	at scala.meta.internal.decorations.SyntheticsDecorationProvider.currentDocument(SyntheticsDecorationProvider.scala:251)
	at scala.meta.internal.decorations.SyntheticsDecorationProvider.publishSynthetics(SyntheticsDecorationProvider.scala:74)
	at scala.meta.internal.metals.MetalsLanguageServer.$anonfun$didChange$1(MetalsLanguageServer.scala:1175)
	at scala.concurrent.Future.$anonfun$flatMap$1(Future.scala:307)
	at scala.concurrent.impl.Promise.$anonfun$transformWith$1(Promise.scala:41)
	at scala.concurrent.impl.CallbackRunnable.run(Promise.scala:64)
	at java.util.concurrent.ThreadPoolExecutor.runWorker(ThreadPoolExecutor.java:1128)
	at java.util.concurrent.ThreadPoolExecutor$Worker.run(ThreadPoolExecutor.java:628)
	at java.lang.Thread.run(Thread.java:829)
[0m
2022.01.29 16:06:26 ERROR text document: file:///home/suneel/Code/bf-interpreters/bf.scala
java.nio.file.NoSuchFileException: /home/suneel/Code/bf-interpreters/bf.scala
	at sun.nio.fs.UnixException.translateToIOException(UnixException.java:92)
	at sun.nio.fs.UnixException.rethrowAsIOException(UnixException.java:111)
	at sun.nio.fs.UnixException.rethrowAsIOException(UnixException.java:116)
	at sun.nio.fs.UnixFileSystemProvider.newByteChannel(UnixFileSystemProvider.java:219)
	at java.nio.file.Files.newByteChannel(Files.java:371)
	at java.nio.file.Files.newByteChannel(Files.java:422)
	at java.nio.file.Files.readAllBytes(Files.java:3206)
	at scala.meta.internal.io.PlatformFileIO$.slurp(PlatformFileIO.scala:45)
	at scala.meta.internal.io.FileIO$.slurp(FileIO.scala:24)
	at scala.meta.internal.metals.InteractiveSemanticdbs.$anonfun$textDocument$2(InteractiveSemanticdbs.scala:90)
	at scala.Option.getOrElse(Option.scala:189)
	at scala.meta.internal.metals.InteractiveSemanticdbs.$anonfun$textDocument$1(InteractiveSemanticdbs.scala:90)
	at java.util.HashMap.compute(HashMap.java:1229)
	at java.util.Collections$SynchronizedMap.compute(Collections.java:2692)
	at scala.meta.internal.metals.InteractiveSemanticdbs.textDocument(InteractiveSemanticdbs.scala:89)
	at scala.meta.internal.metals.InteractiveSemanticdbs.textDocument(InteractiveSemanticdbs.scala:63)
	at scala.meta.internal.metals.AggregateSemanticdbs.loop$1(AggregateSemanticdbs.scala:30)
	at scala.meta.internal.metals.AggregateSemanticdbs.textDocument(AggregateSemanticdbs.scala:36)
	at scala.meta.internal.decorations.SyntheticsDecorationProvider.currentDocument(SyntheticsDecorationProvider.scala:251)
	at scala.meta.internal.decorations.SyntheticsDecorationProvider.publishSynthetics(SyntheticsDecorationProvider.scala:74)
	at scala.meta.internal.metals.MetalsLanguageServer.$anonfun$didChange$1(MetalsLanguageServer.scala:1175)
	at scala.concurrent.Future.$anonfun$flatMap$1(Future.scala:307)
	at scala.concurrent.impl.Promise.$anonfun$transformWith$1(Promise.scala:41)
	at scala.concurrent.impl.CallbackRunnable.run(Promise.scala:64)
	at java.util.concurrent.ThreadPoolExecutor.runWorker(ThreadPoolExecutor.java:1128)
	at java.util.concurrent.ThreadPoolExecutor$Worker.run(ThreadPoolExecutor.java:628)
	at java.lang.Thread.run(Thread.java:829)
[0m
2022.01.29 16:06:26 ERROR text document: file:///home/suneel/Code/bf-interpreters/bf.scala
java.nio.file.NoSuchFileException: /home/suneel/Code/bf-interpreters/bf.scala
	at sun.nio.fs.UnixException.translateToIOException(UnixException.java:92)
	at sun.nio.fs.UnixException.rethrowAsIOException(UnixException.java:111)
	at sun.nio.fs.UnixException.rethrowAsIOException(UnixException.java:116)
	at sun.nio.fs.UnixFileSystemProvider.newByteChannel(UnixFileSystemProvider.java:219)
	at java.nio.file.Files.newByteChannel(Files.java:371)
	at java.nio.file.Files.newByteChannel(Files.java:422)
	at java.nio.file.Files.readAllBytes(Files.java:3206)
	at scala.meta.internal.io.PlatformFileIO$.slurp(PlatformFileIO.scala:45)
	at scala.meta.internal.io.FileIO$.slurp(FileIO.scala:24)
	at scala.meta.internal.metals.InteractiveSemanticdbs.$anonfun$textDocument$2(InteractiveSemanticdbs.scala:90)
	at scala.Option.getOrElse(Option.scala:189)
	at scala.meta.internal.metals.InteractiveSemanticdbs.$anonfun$textDocument$1(InteractiveSemanticdbs.scala:90)
	at java.util.HashMap.compute(HashMap.java:1229)
	at java.util.Collections$SynchronizedMap.compute(Collections.java:2692)
	at scala.meta.internal.metals.InteractiveSemanticdbs.textDocument(InteractiveSemanticdbs.scala:89)
	at scala.meta.internal.metals.InteractiveSemanticdbs.textDocument(InteractiveSemanticdbs.scala:63)
	at scala.meta.internal.metals.AggregateSemanticdbs.loop$1(AggregateSemanticdbs.scala:30)
	at scala.meta.internal.metals.AggregateSemanticdbs.textDocument(AggregateSemanticdbs.scala:36)
	at scala.meta.internal.decorations.SyntheticsDecorationProvider.currentDocument(SyntheticsDecorationProvider.scala:251)
	at scala.meta.internal.decorations.SyntheticsDecorationProvider.publishSynthetics(SyntheticsDecorationProvider.scala:74)
	at scala.meta.internal.metals.MetalsLanguageServer.$anonfun$didChange$1(MetalsLanguageServer.scala:1175)
	at scala.concurrent.Future.$anonfun$flatMap$1(Future.scala:307)
	at scala.concurrent.impl.Promise.$anonfun$transformWith$1(Promise.scala:41)
	at scala.concurrent.impl.CallbackRunnable.run(Promise.scala:64)
	at java.util.concurrent.ThreadPoolExecutor.runWorker(ThreadPoolExecutor.java:1128)
	at java.util.concurrent.ThreadPoolExecutor$Worker.run(ThreadPoolExecutor.java:628)
	at java.lang.Thread.run(Thread.java:829)
[0m
2022.01.29 16:06:26 ERROR text document: file:///home/suneel/Code/bf-interpreters/bf.scala
java.nio.file.NoSuchFileException: /home/suneel/Code/bf-interpreters/bf.scala
	at sun.nio.fs.UnixException.translateToIOException(UnixException.java:92)
	at sun.nio.fs.UnixException.rethrowAsIOException(UnixException.java:111)
	at sun.nio.fs.UnixException.rethrowAsIOException(UnixException.java:116)
	at sun.nio.fs.UnixFileSystemProvider.newByteChannel(UnixFileSystemProvider.java:219)
	at java.nio.file.Files.newByteChannel(Files.java:371)
	at java.nio.file.Files.newByteChannel(Files.java:422)
	at java.nio.file.Files.readAllBytes(Files.java:3206)
	at scala.meta.internal.io.PlatformFileIO$.slurp(PlatformFileIO.scala:45)
	at scala.meta.internal.io.FileIO$.slurp(FileIO.scala:24)
	at scala.meta.internal.metals.InteractiveSemanticdbs.$anonfun$textDocument$2(InteractiveSemanticdbs.scala:90)
	at scala.Option.getOrElse(Option.scala:189)
	at scala.meta.internal.metals.InteractiveSemanticdbs.$anonfun$textDocument$1(InteractiveSemanticdbs.scala:90)
	at java.util.HashMap.compute(HashMap.java:1229)
	at java.util.Collections$SynchronizedMap.compute(Collections.java:2692)
	at scala.meta.internal.metals.InteractiveSemanticdbs.textDocument(InteractiveSemanticdbs.scala:89)
	at scala.meta.internal.metals.InteractiveSemanticdbs.textDocument(InteractiveSemanticdbs.scala:63)
	at scala.meta.internal.metals.AggregateSemanticdbs.loop$1(AggregateSemanticdbs.scala:30)
	at scala.meta.internal.metals.AggregateSemanticdbs.textDocument(AggregateSemanticdbs.scala:36)
	at scala.meta.internal.decorations.SyntheticsDecorationProvider.currentDocument(SyntheticsDecorationProvider.scala:251)
	at scala.meta.internal.decorations.SyntheticsDecorationProvider.publishSynthetics(SyntheticsDecorationProvider.scala:74)
	at scala.meta.internal.metals.MetalsLanguageServer.$anonfun$didChange$1(MetalsLanguageServer.scala:1175)
	at scala.concurrent.Future.$anonfun$flatMap$1(Future.scala:307)
	at scala.concurrent.impl.Promise.$anonfun$transformWith$1(Promise.scala:41)
	at scala.concurrent.impl.CallbackRunnable.run(Promise.scala:64)
	at java.util.concurrent.ThreadPoolExecutor.runWorker(ThreadPoolExecutor.java:1128)
	at java.util.concurrent.ThreadPoolExecutor$Worker.run(ThreadPoolExecutor.java:628)
	at java.lang.Thread.run(Thread.java:829)
[0m
2022.01.29 16:06:27 ERROR text document: file:///home/suneel/Code/bf-interpreters/bf.scala
java.nio.file.NoSuchFileException: /home/suneel/Code/bf-interpreters/bf.scala
	at sun.nio.fs.UnixException.translateToIOException(UnixException.java:92)
	at sun.nio.fs.UnixException.rethrowAsIOException(UnixException.java:111)
	at sun.nio.fs.UnixException.rethrowAsIOException(UnixException.java:116)
	at sun.nio.fs.UnixFileSystemProvider.newByteChannel(UnixFileSystemProvider.java:219)
	at java.nio.file.Files.newByteChannel(Files.java:371)
	at java.nio.file.Files.newByteChannel(Files.java:422)
	at java.nio.file.Files.readAllBytes(Files.java:3206)
	at scala.meta.internal.io.PlatformFileIO$.slurp(PlatformFileIO.scala:45)
	at scala.meta.internal.io.FileIO$.slurp(FileIO.scala:24)
	at scala.meta.internal.metals.InteractiveSemanticdbs.$anonfun$textDocument$2(InteractiveSemanticdbs.scala:90)
	at scala.Option.getOrElse(Option.scala:189)
	at scala.meta.internal.metals.InteractiveSemanticdbs.$anonfun$textDocument$1(InteractiveSemanticdbs.scala:90)
	at java.util.HashMap.compute(HashMap.java:1229)
	at java.util.Collections$SynchronizedMap.compute(Collections.java:2692)
	at scala.meta.internal.metals.InteractiveSemanticdbs.textDocument(InteractiveSemanticdbs.scala:89)
	at scala.meta.internal.metals.InteractiveSemanticdbs.textDocument(InteractiveSemanticdbs.scala:63)
	at scala.meta.internal.metals.AggregateSemanticdbs.loop$1(AggregateSemanticdbs.scala:30)
	at scala.meta.internal.metals.AggregateSemanticdbs.textDocument(AggregateSemanticdbs.scala:36)
	at scala.meta.internal.decorations.SyntheticsDecorationProvider.currentDocument(SyntheticsDecorationProvider.scala:251)
	at scala.meta.internal.decorations.SyntheticsDecorationProvider.publishSynthetics(SyntheticsDecorationProvider.scala:74)
	at scala.meta.internal.metals.MetalsLanguageServer.$anonfun$didChange$1(MetalsLanguageServer.scala:1175)
	at scala.concurrent.Future.$anonfun$flatMap$1(Future.scala:307)
	at scala.concurrent.impl.Promise.$anonfun$transformWith$1(Promise.scala:41)
	at scala.concurrent.impl.CallbackRunnable.run(Promise.scala:64)
	at java.util.concurrent.ThreadPoolExecutor.runWorker(ThreadPoolExecutor.java:1128)
	at java.util.concurrent.ThreadPoolExecutor$Worker.run(ThreadPoolExecutor.java:628)
	at java.lang.Thread.run(Thread.java:829)
[0m
2022.01.29 16:06:27 ERROR text document: file:///home/suneel/Code/bf-interpreters/bf.scala
java.nio.file.NoSuchFileException: /home/suneel/Code/bf-interpreters/bf.scala
	at sun.nio.fs.UnixException.translateToIOException(UnixException.java:92)
	at sun.nio.fs.UnixException.rethrowAsIOException(UnixException.java:111)
	at sun.nio.fs.UnixException.rethrowAsIOException(UnixException.java:116)
	at sun.nio.fs.UnixFileSystemProvider.newByteChannel(UnixFileSystemProvider.java:219)
	at java.nio.file.Files.newByteChannel(Files.java:371)
	at java.nio.file.Files.newByteChannel(Files.java:422)
	at java.nio.file.Files.readAllBytes(Files.java:3206)
	at scala.meta.internal.io.PlatformFileIO$.slurp(PlatformFileIO.scala:45)
	at scala.meta.internal.io.FileIO$.slurp(FileIO.scala:24)
	at scala.meta.internal.metals.InteractiveSemanticdbs.$anonfun$textDocument$2(InteractiveSemanticdbs.scala:90)
	at scala.Option.getOrElse(Option.scala:189)
	at scala.meta.internal.metals.InteractiveSemanticdbs.$anonfun$textDocument$1(InteractiveSemanticdbs.scala:90)
	at java.util.HashMap.compute(HashMap.java:1229)
	at java.util.Collections$SynchronizedMap.compute(Collections.java:2692)
	at scala.meta.internal.metals.InteractiveSemanticdbs.textDocument(InteractiveSemanticdbs.scala:89)
	at scala.meta.internal.metals.InteractiveSemanticdbs.textDocument(InteractiveSemanticdbs.scala:63)
	at scala.meta.internal.metals.AggregateSemanticdbs.loop$1(AggregateSemanticdbs.scala:30)
	at scala.meta.internal.metals.AggregateSemanticdbs.textDocument(AggregateSemanticdbs.scala:36)
	at scala.meta.internal.decorations.SyntheticsDecorationProvider.currentDocument(SyntheticsDecorationProvider.scala:251)
	at scala.meta.internal.decorations.SyntheticsDecorationProvider.publishSynthetics(SyntheticsDecorationProvider.scala:74)
	at scala.meta.internal.metals.MetalsLanguageServer.$anonfun$didChange$1(MetalsLanguageServer.scala:1175)
	at scala.concurrent.Future.$anonfun$flatMap$1(Future.scala:307)
	at scala.concurrent.impl.Promise.$anonfun$transformWith$1(Promise.scala:41)
	at scala.concurrent.impl.CallbackRunnable.run(Promise.scala:64)
	at java.util.concurrent.ThreadPoolExecutor.runWorker(ThreadPoolExecutor.java:1128)
	at java.util.concurrent.ThreadPoolExecutor$Worker.run(ThreadPoolExecutor.java:628)
	at java.lang.Thread.run(Thread.java:829)
[0m
2022.01.29 16:06:27 ERROR text document: file:///home/suneel/Code/bf-interpreters/bf.scala
java.nio.file.NoSuchFileException: /home/suneel/Code/bf-interpreters/bf.scala
	at sun.nio.fs.UnixException.translateToIOException(UnixException.java:92)
	at sun.nio.fs.UnixException.rethrowAsIOException(UnixException.java:111)
	at sun.nio.fs.UnixException.rethrowAsIOException(UnixException.java:116)
	at sun.nio.fs.UnixFileSystemProvider.newByteChannel(UnixFileSystemProvider.java:219)
	at java.nio.file.Files.newByteChannel(Files.java:371)
	at java.nio.file.Files.newByteChannel(Files.java:422)
	at java.nio.file.Files.readAllBytes(Files.java:3206)
	at scala.meta.internal.io.PlatformFileIO$.slurp(PlatformFileIO.scala:45)
	at scala.meta.internal.io.FileIO$.slurp(FileIO.scala:24)
	at scala.meta.internal.metals.InteractiveSemanticdbs.$anonfun$textDocument$2(InteractiveSemanticdbs.scala:90)
	at scala.Option.getOrElse(Option.scala:189)
	at scala.meta.internal.metals.InteractiveSemanticdbs.$anonfun$textDocument$1(InteractiveSemanticdbs.scala:90)
	at java.util.HashMap.compute(HashMap.java:1229)
	at java.util.Collections$SynchronizedMap.compute(Collections.java:2692)
	at scala.meta.internal.metals.InteractiveSemanticdbs.textDocument(InteractiveSemanticdbs.scala:89)
	at scala.meta.internal.metals.InteractiveSemanticdbs.textDocument(InteractiveSemanticdbs.scala:63)
	at scala.meta.internal.metals.AggregateSemanticdbs.loop$1(AggregateSemanticdbs.scala:30)
	at scala.meta.internal.metals.AggregateSemanticdbs.textDocument(AggregateSemanticdbs.scala:36)
	at scala.meta.internal.decorations.SyntheticsDecorationProvider.currentDocument(SyntheticsDecorationProvider.scala:251)
	at scala.meta.internal.decorations.SyntheticsDecorationProvider.publishSynthetics(SyntheticsDecorationProvider.scala:74)
	at scala.meta.internal.metals.MetalsLanguageServer.$anonfun$didChange$1(MetalsLanguageServer.scala:1175)
	at scala.concurrent.Future.$anonfun$flatMap$1(Future.scala:307)
	at scala.concurrent.impl.Promise.$anonfun$transformWith$1(Promise.scala:41)
	at scala.concurrent.impl.CallbackRunnable.run(Promise.scala:64)
	at java.util.concurrent.ThreadPoolExecutor.runWorker(ThreadPoolExecutor.java:1128)
	at java.util.concurrent.ThreadPoolExecutor$Worker.run(ThreadPoolExecutor.java:628)
	at java.lang.Thread.run(Thread.java:829)
[0m
2022.01.29 16:06:27 ERROR text document: file:///home/suneel/Code/bf-interpreters/bf.scala
java.nio.file.NoSuchFileException: /home/suneel/Code/bf-interpreters/bf.scala
	at sun.nio.fs.UnixException.translateToIOException(UnixException.java:92)
	at sun.nio.fs.UnixException.rethrowAsIOException(UnixException.java:111)
	at sun.nio.fs.UnixException.rethrowAsIOException(UnixException.java:116)
	at sun.nio.fs.UnixFileSystemProvider.newByteChannel(UnixFileSystemProvider.java:219)
	at java.nio.file.Files.newByteChannel(Files.java:371)
	at java.nio.file.Files.newByteChannel(Files.java:422)
	at java.nio.file.Files.readAllBytes(Files.java:3206)
	at scala.meta.internal.io.PlatformFileIO$.slurp(PlatformFileIO.scala:45)
	at scala.meta.internal.io.FileIO$.slurp(FileIO.scala:24)
	at scala.meta.internal.metals.InteractiveSemanticdbs.$anonfun$textDocument$2(InteractiveSemanticdbs.scala:90)
	at scala.Option.getOrElse(Option.scala:189)
	at scala.meta.internal.metals.InteractiveSemanticdbs.$anonfun$textDocument$1(InteractiveSemanticdbs.scala:90)
	at java.util.HashMap.compute(HashMap.java:1229)
	at java.util.Collections$SynchronizedMap.compute(Collections.java:2692)
	at scala.meta.internal.metals.InteractiveSemanticdbs.textDocument(InteractiveSemanticdbs.scala:89)
	at scala.meta.internal.metals.InteractiveSemanticdbs.textDocument(InteractiveSemanticdbs.scala:63)
	at scala.meta.internal.metals.AggregateSemanticdbs.loop$1(AggregateSemanticdbs.scala:30)
	at scala.meta.internal.metals.AggregateSemanticdbs.textDocument(AggregateSemanticdbs.scala:36)
	at scala.meta.internal.decorations.SyntheticsDecorationProvider.currentDocument(SyntheticsDecorationProvider.scala:251)
	at scala.meta.internal.decorations.SyntheticsDecorationProvider.publishSynthetics(SyntheticsDecorationProvider.scala:74)
	at scala.meta.internal.metals.MetalsLanguageServer.$anonfun$didChange$1(MetalsLanguageServer.scala:1175)
	at scala.concurrent.Future.$anonfun$flatMap$1(Future.scala:307)
	at scala.concurrent.impl.Promise.$anonfun$transformWith$1(Promise.scala:41)
	at scala.concurrent.impl.CallbackRunnable.run(Promise.scala:64)
	at java.util.concurrent.ThreadPoolExecutor.runWorker(ThreadPoolExecutor.java:1128)
	at java.util.concurrent.ThreadPoolExecutor$Worker.run(ThreadPoolExecutor.java:628)
	at java.lang.Thread.run(Thread.java:829)
[0m
2022.01.29 16:06:27 ERROR text document: file:///home/suneel/Code/bf-interpreters/bf.scala
java.nio.file.NoSuchFileException: /home/suneel/Code/bf-interpreters/bf.scala
	at sun.nio.fs.UnixException.translateToIOException(UnixException.java:92)
	at sun.nio.fs.UnixException.rethrowAsIOException(UnixException.java:111)
	at sun.nio.fs.UnixException.rethrowAsIOException(UnixException.java:116)
	at sun.nio.fs.UnixFileSystemProvider.newByteChannel(UnixFileSystemProvider.java:219)
	at java.nio.file.Files.newByteChannel(Files.java:371)
	at java.nio.file.Files.newByteChannel(Files.java:422)
	at java.nio.file.Files.readAllBytes(Files.java:3206)
	at scala.meta.internal.io.PlatformFileIO$.slurp(PlatformFileIO.scala:45)
	at scala.meta.internal.io.FileIO$.slurp(FileIO.scala:24)
	at scala.meta.internal.metals.InteractiveSemanticdbs.$anonfun$textDocument$2(InteractiveSemanticdbs.scala:90)
	at scala.Option.getOrElse(Option.scala:189)
	at scala.meta.internal.metals.InteractiveSemanticdbs.$anonfun$textDocument$1(InteractiveSemanticdbs.scala:90)
	at java.util.HashMap.compute(HashMap.java:1229)
	at java.util.Collections$SynchronizedMap.compute(Collections.java:2692)
	at scala.meta.internal.metals.InteractiveSemanticdbs.textDocument(InteractiveSemanticdbs.scala:89)
	at scala.meta.internal.metals.InteractiveSemanticdbs.textDocument(InteractiveSemanticdbs.scala:63)
	at scala.meta.internal.metals.AggregateSemanticdbs.loop$1(AggregateSemanticdbs.scala:30)
	at scala.meta.internal.metals.AggregateSemanticdbs.textDocument(AggregateSemanticdbs.scala:36)
	at scala.meta.internal.decorations.SyntheticsDecorationProvider.currentDocument(SyntheticsDecorationProvider.scala:251)
	at scala.meta.internal.decorations.SyntheticsDecorationProvider.publishSynthetics(SyntheticsDecorationProvider.scala:74)
	at scala.meta.internal.metals.MetalsLanguageServer.$anonfun$didChange$1(MetalsLanguageServer.scala:1175)
	at scala.concurrent.Future.$anonfun$flatMap$1(Future.scala:307)
	at scala.concurrent.impl.Promise.$anonfun$transformWith$1(Promise.scala:41)
	at scala.concurrent.impl.CallbackRunnable.run(Promise.scala:64)
	at java.util.concurrent.ThreadPoolExecutor.runWorker(ThreadPoolExecutor.java:1128)
	at java.util.concurrent.ThreadPoolExecutor$Worker.run(ThreadPoolExecutor.java:628)
	at java.lang.Thread.run(Thread.java:829)
[0m
2022.01.29 16:06:28 ERROR text document: file:///home/suneel/Code/bf-interpreters/bf.scala
java.nio.file.NoSuchFileException: /home/suneel/Code/bf-interpreters/bf.scala
	at sun.nio.fs.UnixException.translateToIOException(UnixException.java:92)
	at sun.nio.fs.UnixException.rethrowAsIOException(UnixException.java:111)
	at sun.nio.fs.UnixException.rethrowAsIOException(UnixException.java:116)
	at sun.nio.fs.UnixFileSystemProvider.newByteChannel(UnixFileSystemProvider.java:219)
	at java.nio.file.Files.newByteChannel(Files.java:371)
	at java.nio.file.Files.newByteChannel(Files.java:422)
	at java.nio.file.Files.readAllBytes(Files.java:3206)
	at scala.meta.internal.io.PlatformFileIO$.slurp(PlatformFileIO.scala:45)
	at scala.meta.internal.io.FileIO$.slurp(FileIO.scala:24)
	at scala.meta.internal.metals.InteractiveSemanticdbs.$anonfun$textDocument$2(InteractiveSemanticdbs.scala:90)
	at scala.Option.getOrElse(Option.scala:189)
	at scala.meta.internal.metals.InteractiveSemanticdbs.$anonfun$textDocument$1(InteractiveSemanticdbs.scala:90)
	at java.util.HashMap.compute(HashMap.java:1229)
	at java.util.Collections$SynchronizedMap.compute(Collections.java:2692)
	at scala.meta.internal.metals.InteractiveSemanticdbs.textDocument(InteractiveSemanticdbs.scala:89)
	at scala.meta.internal.metals.InteractiveSemanticdbs.textDocument(InteractiveSemanticdbs.scala:63)
	at scala.meta.internal.metals.AggregateSemanticdbs.loop$1(AggregateSemanticdbs.scala:30)
	at scala.meta.internal.metals.AggregateSemanticdbs.textDocument(AggregateSemanticdbs.scala:36)
	at scala.meta.internal.decorations.SyntheticsDecorationProvider.currentDocument(SyntheticsDecorationProvider.scala:251)
	at scala.meta.internal.decorations.SyntheticsDecorationProvider.publishSynthetics(SyntheticsDecorationProvider.scala:74)
	at scala.meta.internal.metals.MetalsLanguageServer.$anonfun$didChange$1(MetalsLanguageServer.scala:1175)
	at scala.concurrent.Future.$anonfun$flatMap$1(Future.scala:307)
	at scala.concurrent.impl.Promise.$anonfun$transformWith$1(Promise.scala:41)
	at scala.concurrent.impl.CallbackRunnable.run(Promise.scala:64)
	at java.util.concurrent.ThreadPoolExecutor.runWorker(ThreadPoolExecutor.java:1128)
	at java.util.concurrent.ThreadPoolExecutor$Worker.run(ThreadPoolExecutor.java:628)
	at java.lang.Thread.run(Thread.java:829)
[0m
2022.01.29 16:06:29 ERROR text document: file:///home/suneel/Code/bf-interpreters/bf.scala
java.nio.file.NoSuchFileException: /home/suneel/Code/bf-interpreters/bf.scala
	at sun.nio.fs.UnixException.translateToIOException(UnixException.java:92)
	at sun.nio.fs.UnixException.rethrowAsIOException(UnixException.java:111)
	at sun.nio.fs.UnixException.rethrowAsIOException(UnixException.java:116)
	at sun.nio.fs.UnixFileSystemProvider.newByteChannel(UnixFileSystemProvider.java:219)
	at java.nio.file.Files.newByteChannel(Files.java:371)
	at java.nio.file.Files.newByteChannel(Files.java:422)
	at java.nio.file.Files.readAllBytes(Files.java:3206)
	at scala.meta.internal.io.PlatformFileIO$.slurp(PlatformFileIO.scala:45)
	at scala.meta.internal.io.FileIO$.slurp(FileIO.scala:24)
	at scala.meta.internal.metals.InteractiveSemanticdbs.$anonfun$textDocument$2(InteractiveSemanticdbs.scala:90)
	at scala.Option.getOrElse(Option.scala:189)
	at scala.meta.internal.metals.InteractiveSemanticdbs.$anonfun$textDocument$1(InteractiveSemanticdbs.scala:90)
	at java.util.HashMap.compute(HashMap.java:1229)
	at java.util.Collections$SynchronizedMap.compute(Collections.java:2692)
	at scala.meta.internal.metals.InteractiveSemanticdbs.textDocument(InteractiveSemanticdbs.scala:89)
	at scala.meta.internal.metals.InteractiveSemanticdbs.textDocument(InteractiveSemanticdbs.scala:63)
	at scala.meta.internal.metals.AggregateSemanticdbs.loop$1(AggregateSemanticdbs.scala:30)
	at scala.meta.internal.metals.AggregateSemanticdbs.textDocument(AggregateSemanticdbs.scala:36)
	at scala.meta.internal.decorations.SyntheticsDecorationProvider.currentDocument(SyntheticsDecorationProvider.scala:251)
	at scala.meta.internal.decorations.SyntheticsDecorationProvider.publishSynthetics(SyntheticsDecorationProvider.scala:74)
	at scala.meta.internal.metals.MetalsLanguageServer.$anonfun$didChange$1(MetalsLanguageServer.scala:1175)
	at scala.concurrent.Future.$anonfun$flatMap$1(Future.scala:307)
	at scala.concurrent.impl.Promise.$anonfun$transformWith$1(Promise.scala:41)
	at scala.concurrent.impl.CallbackRunnable.run(Promise.scala:64)
	at java.util.concurrent.ThreadPoolExecutor.runWorker(ThreadPoolExecutor.java:1128)
	at java.util.concurrent.ThreadPoolExecutor$Worker.run(ThreadPoolExecutor.java:628)
	at java.lang.Thread.run(Thread.java:829)
[0m
2022.01.29 16:06:28 ERROR text document: file:///home/suneel/Code/bf-interpreters/bf.scala
java.nio.file.NoSuchFileException: /home/suneel/Code/bf-interpreters/bf.scala
	at sun.nio.fs.UnixException.translateToIOException(UnixException.java:92)
	at sun.nio.fs.UnixException.rethrowAsIOException(UnixException.java:111)
	at sun.nio.fs.UnixException.rethrowAsIOException(UnixException.java:116)
	at sun.nio.fs.UnixFileSystemProvider.newByteChannel(UnixFileSystemProvider.java:219)
	at java.nio.file.Files.newByteChannel(Files.java:371)
	at java.nio.file.Files.newByteChannel(Files.java:422)
	at java.nio.file.Files.readAllBytes(Files.java:3206)
	at scala.meta.internal.io.PlatformFileIO$.slurp(PlatformFileIO.scala:45)
	at scala.meta.internal.io.FileIO$.slurp(FileIO.scala:24)
	at scala.meta.internal.metals.InteractiveSemanticdbs.$anonfun$textDocument$2(InteractiveSemanticdbs.scala:90)
	at scala.Option.getOrElse(Option.scala:189)
	at scala.meta.internal.metals.InteractiveSemanticdbs.$anonfun$textDocument$1(InteractiveSemanticdbs.scala:90)
	at java.util.HashMap.compute(HashMap.java:1229)
	at java.util.Collections$SynchronizedMap.compute(Collections.java:2692)
	at scala.meta.internal.metals.InteractiveSemanticdbs.textDocument(InteractiveSemanticdbs.scala:89)
	at scala.meta.internal.metals.InteractiveSemanticdbs.textDocument(InteractiveSemanticdbs.scala:63)
	at scala.meta.internal.metals.AggregateSemanticdbs.loop$1(AggregateSemanticdbs.scala:30)
	at scala.meta.internal.metals.AggregateSemanticdbs.textDocument(AggregateSemanticdbs.scala:36)
	at scala.meta.internal.decorations.SyntheticsDecorationProvider.currentDocument(SyntheticsDecorationProvider.scala:251)
	at scala.meta.internal.decorations.SyntheticsDecorationProvider.publishSynthetics(SyntheticsDecorationProvider.scala:74)
	at scala.meta.internal.metals.MetalsLanguageServer.$anonfun$didChange$1(MetalsLanguageServer.scala:1175)
	at scala.concurrent.Future.$anonfun$flatMap$1(Future.scala:307)
	at scala.concurrent.impl.Promise.$anonfun$transformWith$1(Promise.scala:41)
	at scala.concurrent.impl.CallbackRunnable.run(Promise.scala:64)
	at java.util.concurrent.ThreadPoolExecutor.runWorker(ThreadPoolExecutor.java:1128)
	at java.util.concurrent.ThreadPoolExecutor$Worker.run(ThreadPoolExecutor.java:628)
	at java.lang.Thread.run(Thread.java:829)
[0m
2022.01.29 16:06:29 ERROR text document: file:///home/suneel/Code/bf-interpreters/bf.scala
java.nio.file.NoSuchFileException: /home/suneel/Code/bf-interpreters/bf.scala
	at sun.nio.fs.UnixException.translateToIOException(UnixException.java:92)
	at sun.nio.fs.UnixException.rethrowAsIOException(UnixException.java:111)
	at sun.nio.fs.UnixException.rethrowAsIOException(UnixException.java:116)
	at sun.nio.fs.UnixFileSystemProvider.newByteChannel(UnixFileSystemProvider.java:219)
	at java.nio.file.Files.newByteChannel(Files.java:371)
	at java.nio.file.Files.newByteChannel(Files.java:422)
	at java.nio.file.Files.readAllBytes(Files.java:3206)
	at scala.meta.internal.io.PlatformFileIO$.slurp(PlatformFileIO.scala:45)
	at scala.meta.internal.io.FileIO$.slurp(FileIO.scala:24)
	at scala.meta.internal.metals.InteractiveSemanticdbs.$anonfun$textDocument$2(InteractiveSemanticdbs.scala:90)
	at scala.Option.getOrElse(Option.scala:189)
	at scala.meta.internal.metals.InteractiveSemanticdbs.$anonfun$textDocument$1(InteractiveSemanticdbs.scala:90)
	at java.util.HashMap.compute(HashMap.java:1229)
	at java.util.Collections$SynchronizedMap.compute(Collections.java:2692)
	at scala.meta.internal.metals.InteractiveSemanticdbs.textDocument(InteractiveSemanticdbs.scala:89)
	at scala.meta.internal.metals.InteractiveSemanticdbs.textDocument(InteractiveSemanticdbs.scala:63)
	at scala.meta.internal.metals.AggregateSemanticdbs.loop$1(AggregateSemanticdbs.scala:30)
	at scala.meta.internal.metals.AggregateSemanticdbs.textDocument(AggregateSemanticdbs.scala:36)
	at scala.meta.internal.decorations.SyntheticsDecorationProvider.currentDocument(SyntheticsDecorationProvider.scala:251)
	at scala.meta.internal.decorations.SyntheticsDecorationProvider.publishSynthetics(SyntheticsDecorationProvider.scala:74)
	at scala.meta.internal.metals.MetalsLanguageServer.$anonfun$didChange$1(MetalsLanguageServer.scala:1175)
	at scala.concurrent.Future.$anonfun$flatMap$1(Future.scala:307)
	at scala.concurrent.impl.Promise.$anonfun$transformWith$1(Promise.scala:41)
	at scala.concurrent.impl.CallbackRunnable.run(Promise.scala:64)
	at java.util.concurrent.ThreadPoolExecutor.runWorker(ThreadPoolExecutor.java:1128)
	at java.util.concurrent.ThreadPoolExecutor$Worker.run(ThreadPoolExecutor.java:628)
	at java.lang.Thread.run(Thread.java:829)
[0m
2022.01.29 16:06:30 ERROR text document: file:///home/suneel/Code/bf-interpreters/bf.scala
java.nio.file.NoSuchFileException: /home/suneel/Code/bf-interpreters/bf.scala
	at sun.nio.fs.UnixException.translateToIOException(UnixException.java:92)
	at sun.nio.fs.UnixException.rethrowAsIOException(UnixException.java:111)
	at sun.nio.fs.UnixException.rethrowAsIOException(UnixException.java:116)
	at sun.nio.fs.UnixFileSystemProvider.newByteChannel(UnixFileSystemProvider.java:219)
	at java.nio.file.Files.newByteChannel(Files.java:371)
	at java.nio.file.Files.newByteChannel(Files.java:422)
	at java.nio.file.Files.readAllBytes(Files.java:3206)
	at scala.meta.internal.io.PlatformFileIO$.slurp(PlatformFileIO.scala:45)
	at scala.meta.internal.io.FileIO$.slurp(FileIO.scala:24)
	at scala.meta.internal.metals.InteractiveSemanticdbs.$anonfun$textDocument$2(InteractiveSemanticdbs.scala:90)
	at scala.Option.getOrElse(Option.scala:189)
	at scala.meta.internal.metals.InteractiveSemanticdbs.$anonfun$textDocument$1(InteractiveSemanticdbs.scala:90)
	at java.util.HashMap.compute(HashMap.java:1229)
	at java.util.Collections$SynchronizedMap.compute(Collections.java:2692)
	at scala.meta.internal.metals.InteractiveSemanticdbs.textDocument(InteractiveSemanticdbs.scala:89)
	at scala.meta.internal.metals.InteractiveSemanticdbs.textDocument(InteractiveSemanticdbs.scala:63)
	at scala.meta.internal.metals.AggregateSemanticdbs.loop$1(AggregateSemanticdbs.scala:30)
	at scala.meta.internal.metals.AggregateSemanticdbs.textDocument(AggregateSemanticdbs.scala:36)
	at scala.meta.internal.decorations.SyntheticsDecorationProvider.currentDocument(SyntheticsDecorationProvider.scala:251)
	at scala.meta.internal.decorations.SyntheticsDecorationProvider.publishSynthetics(SyntheticsDecorationProvider.scala:74)
	at scala.meta.internal.metals.MetalsLanguageServer.$anonfun$didChange$1(MetalsLanguageServer.scala:1175)
	at scala.concurrent.Future.$anonfun$flatMap$1(Future.scala:307)
	at scala.concurrent.impl.Promise.$anonfun$transformWith$1(Promise.scala:41)
	at scala.concurrent.impl.CallbackRunnable.run(Promise.scala:64)
	at java.util.concurrent.ThreadPoolExecutor.runWorker(ThreadPoolExecutor.java:1128)
	at java.util.concurrent.ThreadPoolExecutor$Worker.run(ThreadPoolExecutor.java:628)
	at java.lang.Thread.run(Thread.java:829)
[0m
2022.01.29 16:06:31 WARN  no build target for: /home/suneel/Code/bf-interpreters/bf.scala[0m
2022.01.29 16:06:49 WARN  no build target for: /home/suneel/Code/bf-interpreters/bf.scala[0m
2022.01.29 16:08:04 INFO  tracing is disabled for protocol LSP, to enable tracing of incoming and outgoing JSON messages create an empty file at /home/suneel/Code/bf-interpreters/.metals/lsp.trace.json or /home/suneel/.cache/metals/lsp.trace.json[0m
2022.01.29 16:08:04 INFO  logging to file /home/suneel/Code/bf-interpreters/.metals/metals.log[0m
2022.01.29 16:08:04 INFO  Started: Metals version 0.11.1 in workspace '/home/suneel/Code/bf-interpreters' for client coc.nvim 0.0.80.[0m
2022.01.29 16:08:04 INFO  Parse release: 11.0.13[0m
2022.01.29 16:08:06 INFO  time: initialize in 1.7s[0m
2022.01.29 16:08:10 WARN  Build server is not auto-connectable.[0m
2022.01.29 16:08:10 WARN  no build tool detected in workspace '/home/suneel/Code/bf-interpreters'. The most common cause for this problem is that the editor was opened in the wrong working directory, for example if you use sbt then the workspace directory should contain build.sbt. [0m
2022.01.29 16:08:10 WARN  no build target for: /home/suneel/Code/bf-interpreters/bf.scala[0m
2022.01.29 16:08:12 INFO  no build target found for /home/suneel/Code/bf-interpreters/bf.scala. Using presentation compiler with project's scala-library version: 3.1.0[0m
2022.01.31 10:49:08 WARN  no build target for: /home/suneel/Code/bf-interpreters/bf.scala[0m
